<?xml version="1.0" encoding="UTF-8"?>
<testsuites tests="15" failures="1" disabled="0" errors="0" time="2.796" timestamp="2024-11-08T13:58:05.461" name="AllTests">
  <testsuite name="MecanumDriveControllerTest" tests="15" failures="1" disabled="0" skipped="0" errors="0" time="2.796" timestamp="2024-11-08T13:58:05.461">
    <testcase name="when_controller_is_configured_expect_all_parameters_set" file="/home/ravik/ros2_rolling/ros2_controllers/mecanum_drive_controller/test/test_mecanum_drive_controller.cpp" line="40" status="run" result="completed" time="0.034" timestamp="2024-11-08T13:58:05.461" classname="mecanum_drive_controller.MecanumDriveControllerTest" />
    <testcase name="when_controller_configured_expect_properly_exported_interfaces" file="/home/ravik/ros2_rolling/ros2_controllers/mecanum_drive_controller/test/test_mecanum_drive_controller.cpp" line="88" status="run" result="completed" time="0.014" timestamp="2024-11-08T13:58:05.496" classname="mecanum_drive_controller.MecanumDriveControllerTest" />
    <testcase name="when_controller_is_activated_expect_reference_reset" file="/home/ravik/ros2_rolling/ros2_controllers/mecanum_drive_controller/test/test_mecanum_drive_controller.cpp" line="125" status="run" result="completed" time="0.011" timestamp="2024-11-08T13:58:05.511" classname="mecanum_drive_controller.MecanumDriveControllerTest" />
    <testcase name="when_controller_active_and_update_called_expect_success" file="/home/ravik/ros2_rolling/ros2_controllers/mecanum_drive_controller/test/test_mecanum_drive_controller.cpp" line="139" status="run" result="completed" time="0.011" timestamp="2024-11-08T13:58:05.523" classname="mecanum_drive_controller.MecanumDriveControllerTest" />
    <testcase name="when_active_controller_is_deactivated_expect_success" file="/home/ravik/ros2_rolling/ros2_controllers/mecanum_drive_controller/test/test_mecanum_drive_controller.cpp" line="151" status="run" result="completed" time="0.011" timestamp="2024-11-08T13:58:05.535" classname="mecanum_drive_controller.MecanumDriveControllerTest" />
    <testcase name="when_controller_is_reactivated_expect_cmd_itfs_not_set_and_update_success" file="/home/ravik/ros2_rolling/ros2_controllers/mecanum_drive_controller/test/test_mecanum_drive_controller.cpp" line="160" status="run" result="completed" time="0.011" timestamp="2024-11-08T13:58:05.547" classname="mecanum_drive_controller.MecanumDriveControllerTest" />
    <testcase name="when_update_is_called_expect_status_message" file="/home/ravik/ros2_rolling/ros2_controllers/mecanum_drive_controller/test/test_mecanum_drive_controller.cpp" line="181" status="run" result="completed" time="0.015" timestamp="2024-11-08T13:58:05.558" classname="mecanum_drive_controller.MecanumDriveControllerTest" />
    <testcase name="when_reference_msg_received_expect_updated_commands_and_status_message" file="/home/ravik/ros2_rolling/ros2_controllers/mecanum_drive_controller/test/test_mecanum_drive_controller.cpp" line="198" status="run" result="completed" time="0.518" timestamp="2024-11-08T13:58:05.573" classname="mecanum_drive_controller.MecanumDriveControllerTest">
      <failure message="/home/ravik/ros2_rolling/ros2_controllers/mecanum_drive_controller/test/test_mecanum_drive_controller.cpp:235&#x0A;Expected equality of these values:&#x0A;  joint_command_values_[1]&#x0A;    Which is: 0&#x0A;  3.0&#x0A;    Which is: 3&#x0A;" type=""><![CDATA[/home/ravik/ros2_rolling/ros2_controllers/mecanum_drive_controller/test/test_mecanum_drive_controller.cpp:235
Expected equality of these values:
  joint_command_values_[1]
    Which is: 0
  3.0
    Which is: 3
]]></failure>
      <failure message="/home/ravik/ros2_rolling/ros2_controllers/mecanum_drive_controller/test/test_mecanum_drive_controller.cpp:239&#x0A;Expected equality of these values:&#x0A;  msg.reference_velocity.linear.x&#x0A;    Which is: nan&#x0A;  1.5&#x0A;" type=""><![CDATA[/home/ravik/ros2_rolling/ros2_controllers/mecanum_drive_controller/test/test_mecanum_drive_controller.cpp:239
Expected equality of these values:
  msg.reference_velocity.linear.x
    Which is: nan
  1.5
]]></failure>
    </testcase>
    <testcase name="when_reference_msg_is_too_old_expect_unset_reference" file="/home/ravik/ros2_rolling/ros2_controllers/mecanum_drive_controller/test/test_mecanum_drive_controller.cpp" line="245" status="run" result="completed" time="0.526" timestamp="2024-11-08T13:58:06.092" classname="mecanum_drive_controller.MecanumDriveControllerTest" />
    <testcase name="when_reference_msg_has_timestamp_zero_expect_reference_set_and_timestamp_set_to_current_time" file="/home/ravik/ros2_rolling/ros2_controllers/mecanum_drive_controller/test/test_mecanum_drive_controller.cpp" line="274" status="run" result="completed" time="0.523" timestamp="2024-11-08T13:58:06.619" classname="mecanum_drive_controller.MecanumDriveControllerTest" />
    <testcase name="when_message_has_valid_timestamp_expect_reference_set" file="/home/ravik/ros2_rolling/ros2_controllers/mecanum_drive_controller/test/test_mecanum_drive_controller.cpp" line="308" status="run" result="completed" time="0.53" timestamp="2024-11-08T13:58:07.142" classname="mecanum_drive_controller.MecanumDriveControllerTest" />
    <testcase name="when_ref_msg_old_expect_cmnd_itfs_set_to_zero_otherwise_to_valid_cmnds" file="/home/ravik/ros2_rolling/ros2_controllers/mecanum_drive_controller/test/test_mecanum_drive_controller.cpp" line="338" status="run" result="completed" time="0.018" timestamp="2024-11-08T13:58:07.673" classname="mecanum_drive_controller.MecanumDriveControllerTest" />
    <testcase name="when_controller_in_chainable_mode_expect_receiving_commands_from_reference_interfaces_directly" file="/home/ravik/ros2_rolling/ros2_controllers/mecanum_drive_controller/test/test_mecanum_drive_controller.cpp" line="435" status="run" result="completed" time="0.016" timestamp="2024-11-08T13:58:07.691" classname="mecanum_drive_controller.MecanumDriveControllerTest" />
    <testcase name="when_reference_timeout_is_zero_expect_reference_msg_being_used_only_once" file="/home/ravik/ros2_rolling/ros2_controllers/mecanum_drive_controller/test/test_mecanum_drive_controller.cpp" line="493" status="run" result="completed" time="0.016" timestamp="2024-11-08T13:58:07.708" classname="mecanum_drive_controller.MecanumDriveControllerTest" />
    <testcase name="when_ref_timeout_zero_for_reference_callback_expect_reference_msg_being_used_only_once" file="/home/ravik/ros2_rolling/ros2_controllers/mecanum_drive_controller/test/test_mecanum_drive_controller.cpp" line="538" status="run" result="completed" time="0.533" timestamp="2024-11-08T13:58:07.725" classname="mecanum_drive_controller.MecanumDriveControllerTest" />
  </testsuite>
</testsuites>
