UpdateCTestConfiguration  from :/home/ravik/ros2_rolling/build/mecanum_drive_controller/CTestConfiguration.ini
Parse Config file:/home/ravik/ros2_rolling/build/mecanum_drive_controller/CTestConfiguration.ini
   Site: sr-c1070
   Build name: (empty)
 Add coverage exclude regular expressions.
Create new tag: 20241108-1258 - Experimental
UpdateCTestConfiguration  from :/home/ravik/ros2_rolling/build/mecanum_drive_controller/CTestConfiguration.ini
Parse Config file:/home/ravik/ros2_rolling/build/mecanum_drive_controller/CTestConfiguration.ini
Test project /home/ravik/ros2_rolling/build/mecanum_drive_controller
Constructing a list of tests
Done constructing a list of tests
Updating test list for fixtures
Added 0 tests to meet fixture requirements
Checking test dependency graph...
Checking test dependency graph end
test 1
    Start 1: test_load_mecanum_drive_controller

1: Test command: /usr/bin/python3 "-u" "/opt/ros/jazzy/share/ament_cmake_test/cmake/run_test.py" "/home/ravik/ros2_rolling/build/mecanum_drive_controller/test_results/mecanum_drive_controller/test_load_mecanum_drive_controller.gtest.xml" "--package-name" "mecanum_drive_controller" "--output-file" "/home/ravik/ros2_rolling/build/mecanum_drive_controller/test_results/mecanum_drive_controller/test_load_mecanum_drive_controller.txt" "--command" "/home/ravik/ros2_rolling/build/mecanum_drive_controller/test_load_mecanum_drive_controller" "--ros-args" "--params-file" "/home/ravik/ros2_rolling/ros2_controllers/mecanum_drive_controller/test/mecanum_drive_controller_params.yaml" "--" "--gtest_output=xml:/home/ravik/ros2_rolling/build/mecanum_drive_controller/test_results/mecanum_drive_controller/test_load_mecanum_drive_controller.gtest.xml"
1: Working Directory: /home/ravik/ros2_rolling/build/mecanum_drive_controller
1: Test timeout computed to be: 60
1: -- run_test.py: invoking following command in '/home/ravik/ros2_rolling/build/mecanum_drive_controller':
1:  - /home/ravik/ros2_rolling/build/mecanum_drive_controller/test_load_mecanum_drive_controller --ros-args --params-file /home/ravik/ros2_rolling/ros2_controllers/mecanum_drive_controller/test/mecanum_drive_controller_params.yaml -- --gtest_output=xml:/home/ravik/ros2_rolling/build/mecanum_drive_controller/test_results/mecanum_drive_controller/test_load_mecanum_drive_controller.gtest.xml
1: [==========] Running 1 test from 1 test suite.
1: [----------] Global test environment set-up.
1: [----------] 1 test from TestLoadMecanumDriveController
1: [ RUN      ] TestLoadMecanumDriveController.load_controller
1: unknown file: Failure
1: C++ exception with description "Failed to load library /opt/ros/jazzy/lib/libsdformat_urdf_plugin.so. Make sure that you are calling the PLUGINLIB_EXPORT_CLASS macro in the library code, and that names are consistent between this macro and your XML. Error string: Could not load library dlopen error: libsdformat14.so.14: cannot open shared object file: No such file or directory, at ./src/shared_library.c:99" thrown in the test body.
1: 
1: [  FAILED  ] TestLoadMecanumDriveController.load_controller (18 ms)
1: [----------] 1 test from TestLoadMecanumDriveController (18 ms total)
1: 
1: [----------] Global test environment tear-down
1: [==========] 1 test from 1 test suite ran. (18 ms total)
1: [  PASSED  ] 0 tests.
1: [  FAILED  ] 1 test, listed below:
1: [  FAILED  ] TestLoadMecanumDriveController.load_controller
1: 
1:  1 FAILED TEST
1: -- run_test.py: return code 1
1: -- run_test.py: inject classname prefix into gtest result file '/home/ravik/ros2_rolling/build/mecanum_drive_controller/test_results/mecanum_drive_controller/test_load_mecanum_drive_controller.gtest.xml'
1: -- run_test.py: verify result file '/home/ravik/ros2_rolling/build/mecanum_drive_controller/test_results/mecanum_drive_controller/test_load_mecanum_drive_controller.gtest.xml'
1/3 Test #1: test_load_mecanum_drive_controller .........***Failed    0.21 sec
test 2
    Start 2: test_mecanum_drive_controller

2: Test command: /usr/bin/python3 "-u" "/opt/ros/jazzy/share/ament_cmake_test/cmake/run_test.py" "/home/ravik/ros2_rolling/build/mecanum_drive_controller/test_results/mecanum_drive_controller/test_mecanum_drive_controller.gtest.xml" "--package-name" "mecanum_drive_controller" "--output-file" "/home/ravik/ros2_rolling/build/mecanum_drive_controller/test_results/mecanum_drive_controller/test_mecanum_drive_controller.txt" "--command" "/home/ravik/ros2_rolling/build/mecanum_drive_controller/test_mecanum_drive_controller" "--ros-args" "--params-file" "/home/ravik/ros2_rolling/ros2_controllers/mecanum_drive_controller/test/mecanum_drive_controller_params.yaml" "--" "--gtest_output=xml:/home/ravik/ros2_rolling/build/mecanum_drive_controller/test_results/mecanum_drive_controller/test_mecanum_drive_controller.gtest.xml"
2: Working Directory: /home/ravik/ros2_rolling/build/mecanum_drive_controller
2: Test timeout computed to be: 60
2: -- run_test.py: invoking following command in '/home/ravik/ros2_rolling/build/mecanum_drive_controller':
2:  - /home/ravik/ros2_rolling/build/mecanum_drive_controller/test_mecanum_drive_controller --ros-args --params-file /home/ravik/ros2_rolling/ros2_controllers/mecanum_drive_controller/test/mecanum_drive_controller_params.yaml -- --gtest_output=xml:/home/ravik/ros2_rolling/build/mecanum_drive_controller/test_results/mecanum_drive_controller/test_mecanum_drive_controller.gtest.xml
2: [==========] Running 15 tests from 1 test suite.
2: [----------] Global test environment set-up.
2: [----------] 15 tests from MecanumDriveControllerTest
2: [ RUN      ] MecanumDriveControllerTest.when_controller_is_configured_expect_all_parameters_set
2: [0m[INFO] [1731070685.488782149] [test_mecanum_drive_controller]: configure successful[0m
2: [       OK ] MecanumDriveControllerTest.when_controller_is_configured_expect_all_parameters_set (34 ms)
2: [ RUN      ] MecanumDriveControllerTest.when_controller_configured_expect_properly_exported_interfaces
2: [0m[INFO] [1731070685.504605439] [test_mecanum_drive_controller]: configure successful[0m
2: [       OK ] MecanumDriveControllerTest.when_controller_configured_expect_properly_exported_interfaces (14 ms)
2: [ RUN      ] MecanumDriveControllerTest.when_controller_is_activated_expect_reference_reset
2: [0m[INFO] [1731070685.517563441] [test_mecanum_drive_controller]: configure successful[0m
2: [       OK ] MecanumDriveControllerTest.when_controller_is_activated_expect_reference_reset (11 ms)
2: [ RUN      ] MecanumDriveControllerTest.when_controller_active_and_update_called_expect_success
2: [0m[INFO] [1731070685.529415654] [test_mecanum_drive_controller]: configure successful[0m
2: [       OK ] MecanumDriveControllerTest.when_controller_active_and_update_called_expect_success (11 ms)
2: [ RUN      ] MecanumDriveControllerTest.when_active_controller_is_deactivated_expect_success
2: [0m[INFO] [1731070685.541284978] [test_mecanum_drive_controller]: configure successful[0m
2: [       OK ] MecanumDriveControllerTest.when_active_controller_is_deactivated_expect_success (11 ms)
2: [ RUN      ] MecanumDriveControllerTest.when_controller_is_reactivated_expect_cmd_itfs_not_set_and_update_success
2: [0m[INFO] [1731070685.553139269] [test_mecanum_drive_controller]: configure successful[0m
2: [       OK ] MecanumDriveControllerTest.when_controller_is_reactivated_expect_cmd_itfs_not_set_and_update_success (11 ms)
2: [ RUN      ] MecanumDriveControllerTest.when_update_is_called_expect_status_message
2: [0m[INFO] [1731070685.564395114] [test_mecanum_drive_controller]: configure successful[0m
2: [       OK ] MecanumDriveControllerTest.when_update_is_called_expect_status_message (15 ms)
2: [ RUN      ] MecanumDriveControllerTest.when_reference_msg_received_expect_updated_commands_and_status_message
2: [0m[INFO] [1731070685.579901054] [test_mecanum_drive_controller]: configure successful[0m
2: /home/ravik/ros2_rolling/ros2_controllers/mecanum_drive_controller/test/test_mecanum_drive_controller.cpp:235: Failure
2: Expected equality of these values:
2:   joint_command_values_[1]
2:     Which is: 0
2:   3.0
2:     Which is: 3
2: 
2: /home/ravik/ros2_rolling/ros2_controllers/mecanum_drive_controller/test/test_mecanum_drive_controller.cpp:239: Failure
2: Expected equality of these values:
2:   msg.reference_velocity.linear.x
2:     Which is: nan
2:   1.5
2: 
2: [  FAILED  ] MecanumDriveControllerTest.when_reference_msg_received_expect_updated_commands_and_status_message (518 ms)
2: [ RUN      ] MecanumDriveControllerTest.when_reference_msg_is_too_old_expect_unset_reference
2: [0m[INFO] [1731070686.102995823] [test_mecanum_drive_controller]: configure successful[0m
2: [31m[ERROR] [1731070686.103116594] [test_mecanum_drive_controller]: Received message has timestamp 1731070685.9030251503 older for 0.2000877690 which is more then allowed timeout (0.1000).[0m
2: [       OK ] MecanumDriveControllerTest.when_reference_msg_is_too_old_expect_unset_reference (526 ms)
2: [ RUN      ] MecanumDriveControllerTest.when_reference_msg_has_timestamp_zero_expect_reference_set_and_timestamp_set_to_current_time
2: [0m[INFO] [1731070686.628118721] [test_mecanum_drive_controller]: configure successful[0m
2: [33m[WARN] [1731070686.628278427] [test_mecanum_drive_controller]: Timestamp in header is missing, using current time as command timestamp.[0m
2: [       OK ] MecanumDriveControllerTest.when_reference_msg_has_timestamp_zero_expect_reference_set_and_timestamp_set_to_current_time (523 ms)
2: [ RUN      ] MecanumDriveControllerTest.when_message_has_valid_timestamp_expect_reference_set
2: [0m[INFO] [1731070687.159293135] [test_mecanum_drive_controller]: configure successful[0m
2: [       OK ] MecanumDriveControllerTest.when_message_has_valid_timestamp_expect_reference_set (530 ms)
2: [ RUN      ] MecanumDriveControllerTest.when_ref_msg_old_expect_cmnd_itfs_set_to_zero_otherwise_to_valid_cmnds
2: [0m[INFO] [1731070687.685399608] [test_mecanum_drive_controller]: configure successful[0m
2: [       OK ] MecanumDriveControllerTest.when_ref_msg_old_expect_cmnd_itfs_set_to_zero_otherwise_to_valid_cmnds (18 ms)
2: [ RUN      ] MecanumDriveControllerTest.when_controller_in_chainable_mode_expect_receiving_commands_from_reference_interfaces_directly
2: [0m[INFO] [1731070687.701383197] [test_mecanum_drive_controller]: configure successful[0m
2: [       OK ] MecanumDriveControllerTest.when_controller_in_chainable_mode_expect_receiving_commands_from_reference_interfaces_directly (16 ms)
2: [ RUN      ] MecanumDriveControllerTest.when_reference_timeout_is_zero_expect_reference_msg_being_used_only_once
2: [0m[INFO] [1731070687.718658483] [test_mecanum_drive_controller]: configure successful[0m
2: [       OK ] MecanumDriveControllerTest.when_reference_timeout_is_zero_expect_reference_msg_being_used_only_once (16 ms)
2: [ RUN      ] MecanumDriveControllerTest.when_ref_timeout_zero_for_reference_callback_expect_reference_msg_being_used_only_once
2: [0m[INFO] [1731070687.738654267] [test_mecanum_drive_controller]: configure successful[0m
2: [       OK ] MecanumDriveControllerTest.when_ref_timeout_zero_for_reference_callback_expect_reference_msg_being_used_only_once (533 ms)
2: [----------] 15 tests from MecanumDriveControllerTest (2796 ms total)
2: 
2: [----------] Global test environment tear-down
2: [==========] 15 tests from 1 test suite ran. (2796 ms total)
2: [  PASSED  ] 14 tests.
2: [  FAILED  ] 1 test, listed below:
2: [  FAILED  ] MecanumDriveControllerTest.when_reference_msg_received_expect_updated_commands_and_status_message
2: 
2:  1 FAILED TEST
2: -- run_test.py: return code 1
2: -- run_test.py: inject classname prefix into gtest result file '/home/ravik/ros2_rolling/build/mecanum_drive_controller/test_results/mecanum_drive_controller/test_mecanum_drive_controller.gtest.xml'
2: -- run_test.py: verify result file '/home/ravik/ros2_rolling/build/mecanum_drive_controller/test_results/mecanum_drive_controller/test_mecanum_drive_controller.gtest.xml'
2/3 Test #2: test_mecanum_drive_controller ..............***Failed    3.00 sec
test 3
    Start 3: test_mecanum_drive_controller_preceeding

3: Test command: /usr/bin/python3 "-u" "/opt/ros/jazzy/share/ament_cmake_test/cmake/run_test.py" "/home/ravik/ros2_rolling/build/mecanum_drive_controller/test_results/mecanum_drive_controller/test_mecanum_drive_controller_preceeding.gtest.xml" "--package-name" "mecanum_drive_controller" "--output-file" "/home/ravik/ros2_rolling/build/mecanum_drive_controller/test_results/mecanum_drive_controller/test_mecanum_drive_controller_preceeding.txt" "--command" "/home/ravik/ros2_rolling/build/mecanum_drive_controller/test_mecanum_drive_controller_preceeding" "--ros-args" "--params-file" "/home/ravik/ros2_rolling/ros2_controllers/mecanum_drive_controller/test/mecanum_drive_controller_preceeding_params.yaml" "--" "--gtest_output=xml:/home/ravik/ros2_rolling/build/mecanum_drive_controller/test_results/mecanum_drive_controller/test_mecanum_drive_controller_preceeding.gtest.xml"
3: Working Directory: /home/ravik/ros2_rolling/build/mecanum_drive_controller
3: Test timeout computed to be: 60
3: -- run_test.py: invoking following command in '/home/ravik/ros2_rolling/build/mecanum_drive_controller':
3:  - /home/ravik/ros2_rolling/build/mecanum_drive_controller/test_mecanum_drive_controller_preceeding --ros-args --params-file /home/ravik/ros2_rolling/ros2_controllers/mecanum_drive_controller/test/mecanum_drive_controller_preceeding_params.yaml -- --gtest_output=xml:/home/ravik/ros2_rolling/build/mecanum_drive_controller/test_results/mecanum_drive_controller/test_mecanum_drive_controller_preceeding.gtest.xml
3: [==========] Running 2 tests from 1 test suite.
3: [----------] Global test environment set-up.
3: [----------] 2 tests from MecanumDriveControllerTest
3: [ RUN      ] MecanumDriveControllerTest.when_controller_is_configured_expect_all_parameters_set
3: [0m[INFO] [1731070688.479782319] [test_mecanum_drive_controller]: configure successful[0m
3: [       OK ] MecanumDriveControllerTest.when_controller_is_configured_expect_all_parameters_set (29 ms)
3: [ RUN      ] MecanumDriveControllerTest.when_controller_configured_expect_properly_exported_interfaces
3: [0m[INFO] [1731070688.503521938] [test_mecanum_drive_controller]: configure successful[0m
3: [       OK ] MecanumDriveControllerTest.when_controller_configured_expect_properly_exported_interfaces (24 ms)
3: [----------] 2 tests from MecanumDriveControllerTest (53 ms total)
3: 
3: [----------] Global test environment tear-down
3: [==========] 2 tests from 1 test suite ran. (53 ms total)
3: [  PASSED  ] 2 tests.
3: -- run_test.py: return code 0
3: -- run_test.py: inject classname prefix into gtest result file '/home/ravik/ros2_rolling/build/mecanum_drive_controller/test_results/mecanum_drive_controller/test_mecanum_drive_controller_preceeding.gtest.xml'
3: -- run_test.py: verify result file '/home/ravik/ros2_rolling/build/mecanum_drive_controller/test_results/mecanum_drive_controller/test_mecanum_drive_controller_preceeding.gtest.xml'
3/3 Test #3: test_mecanum_drive_controller_preceeding ...   Passed    0.25 sec

33% tests passed[0;0m, [0;31m2 tests failed[0;0m out of 3

Total Test time (real) =   3.46 sec

The following tests FAILED:
	[0;31m  1 - test_load_mecanum_drive_controller (Failed)[0;0m
	[0;31m  2 - test_mecanum_drive_controller (Failed)[0;0m
Errors while running CTest
Output from these tests are in: /home/ravik/ros2_rolling/build/mecanum_drive_controller/Testing/Temporary/LastTest.log
Use "--rerun-failed --output-on-failure" to re-run the failed cases verbosely.
