[0.051s] Invoking command in '/home/ravik/ros2_rolling/build/mecanum_drive_controller': AMENT_PREFIX_PATH=/home/ravik/ros2_rolling/install/mecanum_drive_controller:/home/ravik/ros2_rolling/install/generate_parameter_library_py:/home/ravik/ros2_rolling/install/ros2_controllers:/home/ravik/ros2_rolling/install/velocity_controllers:/home/ravik/ros2_rolling/install/tricycle_steering_controller:/home/ravik/ros2_rolling/install/tricycle_controller:/home/ravik/ros2_rolling/install/ros2_control:/home/ravik/ros2_rolling/install/transmission_interface:/home/ravik/ros2_rolling/install/bicycle_steering_controller:/home/ravik/ros2_rolling/install/ackermann_steering_controller:/home/ravik/ros2_rolling/install/steering_controllers_library:/home/ravik/ros2_rolling/install/rqt_joint_trajectory_controller:/home/ravik/ros2_rolling/install/rqt_controller_manager:/home/ravik/ros2_rolling/install/ros2controlcli:/home/ravik/ros2_rolling/install/ros2_controllers_test_nodes:/home/ravik/ros2_rolling/install/hardware_interface_testing:/home/ravik/ros2_rolling/install/controller_manager:/home/ravik/ros2_rolling/install/ros2_control_test_assets:/home/ravik/ros2_rolling/install/range_sensor_broadcaster:/home/ravik/ros2_rolling/install/position_controllers:/home/ravik/ros2_rolling/install/pose_broadcaster:/home/ravik/ros2_rolling/install/pid_controller:/home/ravik/ros2_rolling/install/parallel_gripper_controller:/home/ravik/ros2_rolling/install/admittance_controller:/home/ravik/ros2_rolling/install/joint_trajectory_controller:/home/ravik/ros2_rolling/install/joint_state_broadcaster:/home/ravik/ros2_rolling/install/imu_sensor_broadcaster:/home/ravik/ros2_rolling/install/gripper_controllers:/home/ravik/ros2_rolling/install/effort_controllers:/home/ravik/ros2_rolling/install/forward_command_controller:/home/ravik/ros2_rolling/install/force_torque_sensor_broadcaster:/home/ravik/ros2_rolling/install/diff_drive_controller:/home/ravik/ros2_rolling/install/controller_interface:/home/ravik/ros2_rolling/install/hardware_interface:/home/ravik/ros2_rolling/install/joint_limits:/home/ravik/ros2_rolling/install/control_toolbox:/home/ravik/ros2_rolling/install/realtime_tools:/home/ravik/ros2_rolling/install/generate_parameter_module_example:/home/ravik/ros2_rolling/install/generate_parameter_library_example:/home/ravik/ros2_rolling/install/cmake_generate_parameter_module_example:/home/ravik/ros2_rolling/install/generate_parameter_library:/home/ravik/ros2_rolling/install/parameter_traits:/home/ravik/ros2_rolling/install/kinematics_interface_kdl:/home/ravik/ros2_rolling/install/kinematics_interface:/home/ravik/ros2_rolling/install/controller_manager_msgs:/home/ravik/ros2_rolling/install/control_msgs:/opt/ros/jazzy CMAKE_PREFIX_PATH=/home/ravik/ros2_rolling/install/mecanum_drive_controller:/home/ravik/ros2_rolling/install/controller_manager:/home/ravik/ros2_rolling/install/hardware_interface_testing:/home/ravik/ros2_rolling/install/controller_interface:/home/ravik/ros2_rolling/install/hardware_interface:/home/ravik/ros2_rolling/install/joint_limits:/home/ravik/ros2_rolling/install/generate_parameter_library:/home/ravik/ros2_rolling/install/ros2_control_test_assets:/home/ravik/ros2_rolling/install/realtime_tools:/home/ravik/ros2_rolling/install/parameter_traits:/home/ravik/ros2_rolling/install/controller_manager_msgs:/home/ravik/ros2_rolling/install/control_msgs:/home/ravik/ros2_rolling/install/ros2_controllers:/home/ravik/ros2_rolling/install/velocity_controllers:/home/ravik/ros2_rolling/install/tricycle_steering_controller:/home/ravik/ros2_rolling/install/tricycle_controller:/home/ravik/ros2_rolling/install/ros2_control:/home/ravik/ros2_rolling/install/transmission_interface:/home/ravik/ros2_rolling/install/bicycle_steering_controller:/home/ravik/ros2_rolling/install/ackermann_steering_controller:/home/ravik/ros2_rolling/install/steering_controllers_library:/home/ravik/ros2_rolling/install/range_sensor_broadcaster:/home/ravik/ros2_rolling/install/position_controllers:/home/ravik/ros2_rolling/install/pose_broadcaster:/home/ravik/ros2_rolling/install/pid_controller:/home/ravik/ros2_rolling/install/parallel_gripper_controller:/home/ravik/ros2_rolling/install/admittance_controller:/home/ravik/ros2_rolling/install/joint_trajectory_controller:/home/ravik/ros2_rolling/install/joint_state_broadcaster:/home/ravik/ros2_rolling/install/imu_sensor_broadcaster:/home/ravik/ros2_rolling/install/gripper_controllers:/home/ravik/ros2_rolling/install/effort_controllers:/home/ravik/ros2_rolling/install/forward_command_controller:/home/ravik/ros2_rolling/install/force_torque_sensor_broadcaster:/home/ravik/ros2_rolling/install/diff_drive_controller:/home/ravik/ros2_rolling/install/control_toolbox:/home/ravik/ros2_rolling/install/generate_parameter_library_example:/home/ravik/ros2_rolling/install/cmake_generate_parameter_module_example:/home/ravik/ros2_rolling/install/kinematics_interface_kdl:/home/ravik/ros2_rolling/install/kinematics_interface:/opt/ros/jazzy/opt/gz_math_vendor:/opt/ros/jazzy/opt/gz_utils_vendor:/opt/ros/jazzy/opt/gz_cmake_vendor DEBUGINFOD_URLS=https://debuginfod.ubuntu.com LD_LIBRARY_PATH=/home/ravik/ros2_rolling/install/mecanum_drive_controller/lib:/home/ravik/ros2_rolling/install/controller_manager/lib:/home/ravik/ros2_rolling/install/hardware_interface_testing/lib:/home/ravik/ros2_rolling/install/controller_interface/lib:/home/ravik/ros2_rolling/install/hardware_interface/lib:/home/ravik/ros2_rolling/install/joint_limits/lib:/home/ravik/ros2_rolling/install/realtime_tools/lib:/home/ravik/ros2_rolling/install/controller_manager_msgs/lib:/home/ravik/ros2_rolling/install/control_msgs/lib:/home/ravik/ros2_rolling/install/velocity_controllers/lib:/home/ravik/ros2_rolling/install/tricycle_steering_controller/lib:/home/ravik/ros2_rolling/install/tricycle_controller/lib:/home/ravik/ros2_rolling/install/transmission_interface/lib:/home/ravik/ros2_rolling/install/bicycle_steering_controller/lib:/home/ravik/ros2_rolling/install/ackermann_steering_controller/lib:/home/ravik/ros2_rolling/install/steering_controllers_library/lib:/home/ravik/ros2_rolling/install/ros2_control_test_assets/lib:/home/ravik/ros2_rolling/install/range_sensor_broadcaster/lib:/home/ravik/ros2_rolling/install/position_controllers/lib:/home/ravik/ros2_rolling/install/pose_broadcaster/lib:/home/ravik/ros2_rolling/install/pid_controller/lib:/home/ravik/ros2_rolling/install/parallel_gripper_controller/lib:/home/ravik/ros2_rolling/install/admittance_controller/lib:/home/ravik/ros2_rolling/install/joint_trajectory_controller/lib:/home/ravik/ros2_rolling/install/joint_state_broadcaster/lib:/home/ravik/ros2_rolling/install/imu_sensor_broadcaster/lib:/home/ravik/ros2_rolling/install/gripper_controllers/lib:/home/ravik/ros2_rolling/install/effort_controllers/lib:/home/ravik/ros2_rolling/install/forward_command_controller/lib:/home/ravik/ros2_rolling/install/force_torque_sensor_broadcaster/lib:/home/ravik/ros2_rolling/install/diff_drive_controller/lib:/home/ravik/ros2_rolling/install/control_toolbox/lib:/home/ravik/ros2_rolling/install/generate_parameter_library_example/lib:/home/ravik/ros2_rolling/install/parameter_traits/lib:/home/ravik/ros2_rolling/install/kinematics_interface_kdl/lib:/home/ravik/ros2_rolling/install/kinematics_interface/lib:/opt/ros/jazzy/opt/rviz_ogre_vendor/lib:/opt/ros/jazzy/lib/x86_64-linux-gnu:/opt/ros/jazzy/opt/gz_math_vendor/lib:/opt/ros/jazzy/opt/gz_utils_vendor/lib:/opt/ros/jazzy/opt/gz_cmake_vendor/lib:/opt/ros/jazzy/lib PS1=\[\e]0;$(parse_ros_workspace)\a\]\[\e[1;32m\]\u\[\[\e[0;37m\]@\[\[\e[0;33m\]\h\[\[\e[1;33m\]${text}\[\[\e[0;37m\]:\[$(set_ros_workspace_color)\]$(parse_ros_workspace)\[\[\e[0;32m\]$(parse_git_bracket)\[$(set_git_color)\]$(get_gitbranch)\[\e[0;32m\]>\[\e[1;35m\]\W\[\[\e[1;35m\]$\[\[\e[0m\]\[\e[m\] PYTHONPATH=/home/ravik/ros2_rolling/install/controller_manager/lib/python3.12/site-packages:/home/ravik/ros2_rolling/build/generate_parameter_library_py:/home/ravik/ros2_rolling/install/generate_parameter_library_py/lib/python3.12/site-packages:/home/ravik/ros2_rolling/install/controller_manager_msgs/lib/python3.12/site-packages:/home/ravik/ros2_rolling/install/control_msgs/lib/python3.12/site-packages:/home/ravik/ros2_rolling/build/rqt_joint_trajectory_controller:/home/ravik/ros2_rolling/install/rqt_joint_trajectory_controller/lib/python3.12/site-packages:/home/ravik/ros2_rolling/build/rqt_controller_manager:/home/ravik/ros2_rolling/install/rqt_controller_manager/lib/python3.12/site-packages:/home/ravik/ros2_rolling/build/ros2controlcli:/home/ravik/ros2_rolling/install/ros2controlcli/lib/python3.12/site-packages:/home/ravik/ros2_rolling/build/ros2_controllers_test_nodes:/home/ravik/ros2_rolling/install/ros2_controllers_test_nodes/lib/python3.12/site-packages:/home/ravik/ros2_rolling/build/generate_parameter_module_example:/home/ravik/ros2_rolling/install/generate_parameter_module_example/lib/python3.12/site-packages:/home/ravik/ros2_rolling/install/cmake_generate_parameter_module_example/lib/python3.12/site-packages:/opt/ros/jazzy/lib/python3.12/site-packages /usr/bin/ctest -C Release -D ExperimentalTest --no-compress-output -V --force-new-ctest-process
[0.063s] UpdateCTestConfiguration  from :/home/ravik/ros2_rolling/build/mecanum_drive_controller/CTestConfiguration.ini
[0.063s] Parse Config file:/home/ravik/ros2_rolling/build/mecanum_drive_controller/CTestConfiguration.ini
[0.063s]    Site: sr-c1070
[0.063s]    Build name: (empty)
[0.063s]  Add coverage exclude regular expressions.
[0.063s] Create new tag: 20241108-1258 - Experimental
[0.064s] UpdateCTestConfiguration  from :/home/ravik/ros2_rolling/build/mecanum_drive_controller/CTestConfiguration.ini
[0.064s] Parse Config file:/home/ravik/ros2_rolling/build/mecanum_drive_controller/CTestConfiguration.ini
[0.064s] Test project /home/ravik/ros2_rolling/build/mecanum_drive_controller
[0.064s] Constructing a list of tests
[0.064s] Done constructing a list of tests
[0.064s] Updating test list for fixtures
[0.064s] Added 0 tests to meet fixture requirements
[0.064s] Checking test dependency graph...
[0.064s] Checking test dependency graph end
[0.064s] test 1
[0.065s]     Start 1: test_load_mecanum_drive_controller
[0.065s] 
[0.065s] 1: Test command: /usr/bin/python3 "-u" "/opt/ros/jazzy/share/ament_cmake_test/cmake/run_test.py" "/home/ravik/ros2_rolling/build/mecanum_drive_controller/test_results/mecanum_drive_controller/test_load_mecanum_drive_controller.gtest.xml" "--package-name" "mecanum_drive_controller" "--output-file" "/home/ravik/ros2_rolling/build/mecanum_drive_controller/test_results/mecanum_drive_controller/test_load_mecanum_drive_controller.txt" "--command" "/home/ravik/ros2_rolling/build/mecanum_drive_controller/test_load_mecanum_drive_controller" "--ros-args" "--params-file" "/home/ravik/ros2_rolling/ros2_controllers/mecanum_drive_controller/test/mecanum_drive_controller_params.yaml" "--" "--gtest_output=xml:/home/ravik/ros2_rolling/build/mecanum_drive_controller/test_results/mecanum_drive_controller/test_load_mecanum_drive_controller.gtest.xml"
[0.065s] 1: Working Directory: /home/ravik/ros2_rolling/build/mecanum_drive_controller
[0.065s] 1: Test timeout computed to be: 60
[0.119s] 1: -- run_test.py: invoking following command in '/home/ravik/ros2_rolling/build/mecanum_drive_controller':
[0.119s] 1:  - /home/ravik/ros2_rolling/build/mecanum_drive_controller/test_load_mecanum_drive_controller --ros-args --params-file /home/ravik/ros2_rolling/ros2_controllers/mecanum_drive_controller/test/mecanum_drive_controller_params.yaml -- --gtest_output=xml:/home/ravik/ros2_rolling/build/mecanum_drive_controller/test_results/mecanum_drive_controller/test_load_mecanum_drive_controller.gtest.xml
[0.141s] 1: [==========] Running 1 test from 1 test suite.
[0.141s] 1: [----------] Global test environment set-up.
[0.142s] 1: [----------] 1 test from TestLoadMecanumDriveController
[0.142s] 1: [ RUN      ] TestLoadMecanumDriveController.load_controller
[0.160s] 1: unknown file: Failure
[0.160s] 1: C++ exception with description "Failed to load library /opt/ros/jazzy/lib/libsdformat_urdf_plugin.so. Make sure that you are calling the PLUGINLIB_EXPORT_CLASS macro in the library code, and that names are consistent between this macro and your XML. Error string: Could not load library dlopen error: libsdformat14.so.14: cannot open shared object file: No such file or directory, at ./src/shared_library.c:99" thrown in the test body.
[0.160s] 1: 
[0.160s] 1: [  FAILED  ] TestLoadMecanumDriveController.load_controller (18 ms)
[0.160s] 1: [----------] 1 test from TestLoadMecanumDriveController (18 ms total)
[0.160s] 1: 
[0.161s] 1: [----------] Global test environment tear-down
[0.161s] 1: [==========] 1 test from 1 test suite ran. (18 ms total)
[0.161s] 1: [  PASSED  ] 0 tests.
[0.161s] 1: [  FAILED  ] 1 test, listed below:
[0.161s] 1: [  FAILED  ] TestLoadMecanumDriveController.load_controller
[0.161s] 1: 
[0.161s] 1:  1 FAILED TEST
[0.268s] 1: -- run_test.py: return code 1
[0.268s] 1: -- run_test.py: inject classname prefix into gtest result file '/home/ravik/ros2_rolling/build/mecanum_drive_controller/test_results/mecanum_drive_controller/test_load_mecanum_drive_controller.gtest.xml'
[0.268s] 1: -- run_test.py: verify result file '/home/ravik/ros2_rolling/build/mecanum_drive_controller/test_results/mecanum_drive_controller/test_load_mecanum_drive_controller.gtest.xml'
[0.278s] 1/3 Test #1: test_load_mecanum_drive_controller .........***Failed    0.21 sec
[0.278s] test 2
[0.278s]     Start 2: test_mecanum_drive_controller
[0.278s] 
[0.278s] 2: Test command: /usr/bin/python3 "-u" "/opt/ros/jazzy/share/ament_cmake_test/cmake/run_test.py" "/home/ravik/ros2_rolling/build/mecanum_drive_controller/test_results/mecanum_drive_controller/test_mecanum_drive_controller.gtest.xml" "--package-name" "mecanum_drive_controller" "--output-file" "/home/ravik/ros2_rolling/build/mecanum_drive_controller/test_results/mecanum_drive_controller/test_mecanum_drive_controller.txt" "--command" "/home/ravik/ros2_rolling/build/mecanum_drive_controller/test_mecanum_drive_controller" "--ros-args" "--params-file" "/home/ravik/ros2_rolling/ros2_controllers/mecanum_drive_controller/test/mecanum_drive_controller_params.yaml" "--" "--gtest_output=xml:/home/ravik/ros2_rolling/build/mecanum_drive_controller/test_results/mecanum_drive_controller/test_mecanum_drive_controller.gtest.xml"
[0.278s] 2: Working Directory: /home/ravik/ros2_rolling/build/mecanum_drive_controller
[0.278s] 2: Test timeout computed to be: 60
[0.336s] 2: -- run_test.py: invoking following command in '/home/ravik/ros2_rolling/build/mecanum_drive_controller':
[0.336s] 2:  - /home/ravik/ros2_rolling/build/mecanum_drive_controller/test_mecanum_drive_controller --ros-args --params-file /home/ravik/ros2_rolling/ros2_controllers/mecanum_drive_controller/test/mecanum_drive_controller_params.yaml -- --gtest_output=xml:/home/ravik/ros2_rolling/build/mecanum_drive_controller/test_results/mecanum_drive_controller/test_mecanum_drive_controller.gtest.xml
[0.355s] 2: [==========] Running 15 tests from 1 test suite.
[0.355s] 2: [----------] Global test environment set-up.
[0.355s] 2: [----------] 15 tests from MecanumDriveControllerTest
[0.355s] 2: [ RUN      ] MecanumDriveControllerTest.when_controller_is_configured_expect_all_parameters_set
[0.382s] 2: [0m[INFO] [1731070685.488782149] [test_mecanum_drive_controller]: configure successful[0m
[0.390s] 2: [       OK ] MecanumDriveControllerTest.when_controller_is_configured_expect_all_parameters_set (34 ms)
[0.390s] 2: [ RUN      ] MecanumDriveControllerTest.when_controller_configured_expect_properly_exported_interfaces
[0.397s] 2: [0m[INFO] [1731070685.504605439] [test_mecanum_drive_controller]: configure successful[0m
[0.404s] 2: [       OK ] MecanumDriveControllerTest.when_controller_configured_expect_properly_exported_interfaces (14 ms)
[0.404s] 2: [ RUN      ] MecanumDriveControllerTest.when_controller_is_activated_expect_reference_reset
[0.410s] 2: [0m[INFO] [1731070685.517563441] [test_mecanum_drive_controller]: configure successful[0m
[0.416s] 2: [       OK ] MecanumDriveControllerTest.when_controller_is_activated_expect_reference_reset (11 ms)
[0.416s] 2: [ RUN      ] MecanumDriveControllerTest.when_controller_active_and_update_called_expect_success
[0.422s] 2: [0m[INFO] [1731070685.529415654] [test_mecanum_drive_controller]: configure successful[0m
[0.428s] 2: [       OK ] MecanumDriveControllerTest.when_controller_active_and_update_called_expect_success (11 ms)
[0.428s] 2: [ RUN      ] MecanumDriveControllerTest.when_active_controller_is_deactivated_expect_success
[0.434s] 2: [0m[INFO] [1731070685.541284978] [test_mecanum_drive_controller]: configure successful[0m
[0.440s] 2: [       OK ] MecanumDriveControllerTest.when_active_controller_is_deactivated_expect_success (11 ms)
[0.440s] 2: [ RUN      ] MecanumDriveControllerTest.when_controller_is_reactivated_expect_cmd_itfs_not_set_and_update_success
[0.446s] 2: [0m[INFO] [1731070685.553139269] [test_mecanum_drive_controller]: configure successful[0m
[0.451s] 2: [       OK ] MecanumDriveControllerTest.when_controller_is_reactivated_expect_cmd_itfs_not_set_and_update_success (11 ms)
[0.451s] 2: [ RUN      ] MecanumDriveControllerTest.when_update_is_called_expect_status_message
[0.457s] 2: [0m[INFO] [1731070685.564395114] [test_mecanum_drive_controller]: configure successful[0m
[0.466s] 2: [       OK ] MecanumDriveControllerTest.when_update_is_called_expect_status_message (15 ms)
[0.466s] 2: [ RUN      ] MecanumDriveControllerTest.when_reference_msg_received_expect_updated_commands_and_status_message
[0.473s] 2: [0m[INFO] [1731070685.579901054] [test_mecanum_drive_controller]: configure successful[0m
[0.976s] 2: /home/ravik/ros2_rolling/ros2_controllers/mecanum_drive_controller/test/test_mecanum_drive_controller.cpp:235: Failure
[0.976s] 2: Expected equality of these values:
[0.976s] 2:   joint_command_values_[1]
[0.976s] 2:     Which is: 0
[0.976s] 2:   3.0
[0.976s] 2:     Which is: 3
[0.976s] 2: 
[0.979s] 2: /home/ravik/ros2_rolling/ros2_controllers/mecanum_drive_controller/test/test_mecanum_drive_controller.cpp:239: Failure
[0.979s] 2: Expected equality of these values:
[0.979s] 2:   msg.reference_velocity.linear.x
[0.979s] 2:     Which is: nan
[0.979s] 2:   1.5
[0.979s] 2: 
[0.985s] 2: [  FAILED  ] MecanumDriveControllerTest.when_reference_msg_received_expect_updated_commands_and_status_message (518 ms)
[0.985s] 2: [ RUN      ] MecanumDriveControllerTest.when_reference_msg_is_too_old_expect_unset_reference
[0.996s] 2: [0m[INFO] [1731070686.102995823] [test_mecanum_drive_controller]: configure successful[0m
[0.996s] 2: [31m[ERROR] [1731070686.103116594] [test_mecanum_drive_controller]: Received message has timestamp 1731070685.9030251503 older for 0.2000877690 which is more then allowed timeout (0.1000).[0m
[1.512s] 2: [       OK ] MecanumDriveControllerTest.when_reference_msg_is_too_old_expect_unset_reference (526 ms)
[1.512s] 2: [ RUN      ] MecanumDriveControllerTest.when_reference_msg_has_timestamp_zero_expect_reference_set_and_timestamp_set_to_current_time
[1.521s] 2: [0m[INFO] [1731070686.628118721] [test_mecanum_drive_controller]: configure successful[0m
[1.521s] 2: [33m[WARN] [1731070686.628278427] [test_mecanum_drive_controller]: Timestamp in header is missing, using current time as command timestamp.[0m
[2.036s] 2: [       OK ] MecanumDriveControllerTest.when_reference_msg_has_timestamp_zero_expect_reference_set_and_timestamp_set_to_current_time (523 ms)
[2.036s] 2: [ RUN      ] MecanumDriveControllerTest.when_message_has_valid_timestamp_expect_reference_set
[2.052s] 2: [0m[INFO] [1731070687.159293135] [test_mecanum_drive_controller]: configure successful[0m
[2.567s] 2: [       OK ] MecanumDriveControllerTest.when_message_has_valid_timestamp_expect_reference_set (530 ms)
[2.567s] 2: [ RUN      ] MecanumDriveControllerTest.when_ref_msg_old_expect_cmnd_itfs_set_to_zero_otherwise_to_valid_cmnds
[2.578s] 2: [0m[INFO] [1731070687.685399608] [test_mecanum_drive_controller]: configure successful[0m
[2.585s] 2: [       OK ] MecanumDriveControllerTest.when_ref_msg_old_expect_cmnd_itfs_set_to_zero_otherwise_to_valid_cmnds (18 ms)
[2.585s] 2: [ RUN      ] MecanumDriveControllerTest.when_controller_in_chainable_mode_expect_receiving_commands_from_reference_interfaces_directly
[2.594s] 2: [0m[INFO] [1731070687.701383197] [test_mecanum_drive_controller]: configure successful[0m
[2.601s] 2: [       OK ] MecanumDriveControllerTest.when_controller_in_chainable_mode_expect_receiving_commands_from_reference_interfaces_directly (16 ms)
[2.601s] 2: [ RUN      ] MecanumDriveControllerTest.when_reference_timeout_is_zero_expect_reference_msg_being_used_only_once
[2.611s] 2: [0m[INFO] [1731070687.718658483] [test_mecanum_drive_controller]: configure successful[0m
[2.618s] 2: [       OK ] MecanumDriveControllerTest.when_reference_timeout_is_zero_expect_reference_msg_being_used_only_once (16 ms)
[2.618s] 2: [ RUN      ] MecanumDriveControllerTest.when_ref_timeout_zero_for_reference_callback_expect_reference_msg_being_used_only_once
[2.632s] 2: [0m[INFO] [1731070687.738654267] [test_mecanum_drive_controller]: configure successful[0m
[3.152s] 2: [       OK ] MecanumDriveControllerTest.when_ref_timeout_zero_for_reference_callback_expect_reference_msg_being_used_only_once (533 ms)
[3.152s] 2: [----------] 15 tests from MecanumDriveControllerTest (2796 ms total)
[3.152s] 2: 
[3.152s] 2: [----------] Global test environment tear-down
[3.153s] 2: [==========] 15 tests from 1 test suite ran. (2796 ms total)
[3.153s] 2: [  PASSED  ] 14 tests.
[3.153s] 2: [  FAILED  ] 1 test, listed below:
[3.153s] 2: [  FAILED  ] MecanumDriveControllerTest.when_reference_msg_received_expect_updated_commands_and_status_message
[3.153s] 2: 
[3.153s] 2:  1 FAILED TEST
[3.262s] 2: -- run_test.py: return code 1
[3.262s] 2: -- run_test.py: inject classname prefix into gtest result file '/home/ravik/ros2_rolling/build/mecanum_drive_controller/test_results/mecanum_drive_controller/test_mecanum_drive_controller.gtest.xml'
[3.262s] 2: -- run_test.py: verify result file '/home/ravik/ros2_rolling/build/mecanum_drive_controller/test_results/mecanum_drive_controller/test_mecanum_drive_controller.gtest.xml'
[3.275s] 2/3 Test #2: test_mecanum_drive_controller ..............***Failed    3.00 sec
[3.275s] test 3
[3.275s]     Start 3: test_mecanum_drive_controller_preceeding
[3.275s] 
[3.275s] 3: Test command: /usr/bin/python3 "-u" "/opt/ros/jazzy/share/ament_cmake_test/cmake/run_test.py" "/home/ravik/ros2_rolling/build/mecanum_drive_controller/test_results/mecanum_drive_controller/test_mecanum_drive_controller_preceeding.gtest.xml" "--package-name" "mecanum_drive_controller" "--output-file" "/home/ravik/ros2_rolling/build/mecanum_drive_controller/test_results/mecanum_drive_controller/test_mecanum_drive_controller_preceeding.txt" "--command" "/home/ravik/ros2_rolling/build/mecanum_drive_controller/test_mecanum_drive_controller_preceeding" "--ros-args" "--params-file" "/home/ravik/ros2_rolling/ros2_controllers/mecanum_drive_controller/test/mecanum_drive_controller_preceeding_params.yaml" "--" "--gtest_output=xml:/home/ravik/ros2_rolling/build/mecanum_drive_controller/test_results/mecanum_drive_controller/test_mecanum_drive_controller_preceeding.gtest.xml"
[3.276s] 3: Working Directory: /home/ravik/ros2_rolling/build/mecanum_drive_controller
[3.276s] 3: Test timeout computed to be: 60
[3.328s] 3: -- run_test.py: invoking following command in '/home/ravik/ros2_rolling/build/mecanum_drive_controller':
[3.329s] 3:  - /home/ravik/ros2_rolling/build/mecanum_drive_controller/test_mecanum_drive_controller_preceeding --ros-args --params-file /home/ravik/ros2_rolling/ros2_controllers/mecanum_drive_controller/test/mecanum_drive_controller_preceeding_params.yaml -- --gtest_output=xml:/home/ravik/ros2_rolling/build/mecanum_drive_controller/test_results/mecanum_drive_controller/test_mecanum_drive_controller_preceeding.gtest.xml
[3.351s] 3: [==========] Running 2 tests from 1 test suite.
[3.351s] 3: [----------] Global test environment set-up.
[3.351s] 3: [----------] 2 tests from MecanumDriveControllerTest
[3.351s] 3: [ RUN      ] MecanumDriveControllerTest.when_controller_is_configured_expect_all_parameters_set
[3.373s] 3: [0m[INFO] [1731070688.479782319] [test_mecanum_drive_controller]: configure successful[0m
[3.380s] 3: [       OK ] MecanumDriveControllerTest.when_controller_is_configured_expect_all_parameters_set (29 ms)
[3.380s] 3: [ RUN      ] MecanumDriveControllerTest.when_controller_configured_expect_properly_exported_interfaces
[3.397s] 3: [0m[INFO] [1731070688.503521938] [test_mecanum_drive_controller]: configure successful[0m
[3.404s] 3: [       OK ] MecanumDriveControllerTest.when_controller_configured_expect_properly_exported_interfaces (24 ms)
[3.405s] 3: [----------] 2 tests from MecanumDriveControllerTest (53 ms total)
[3.405s] 3: 
[3.405s] 3: [----------] Global test environment tear-down
[3.405s] 3: [==========] 2 tests from 1 test suite ran. (53 ms total)
[3.405s] 3: [  PASSED  ] 2 tests.
[3.514s] 3: -- run_test.py: return code 0
[3.514s] 3: -- run_test.py: inject classname prefix into gtest result file '/home/ravik/ros2_rolling/build/mecanum_drive_controller/test_results/mecanum_drive_controller/test_mecanum_drive_controller_preceeding.gtest.xml'
[3.514s] 3: -- run_test.py: verify result file '/home/ravik/ros2_rolling/build/mecanum_drive_controller/test_results/mecanum_drive_controller/test_mecanum_drive_controller_preceeding.gtest.xml'
[3.524s] 3/3 Test #3: test_mecanum_drive_controller_preceeding ...   Passed    0.25 sec
[3.524s] 
[3.524s] 33% tests passed[0;0m, [0;31m2 tests failed[0;0m out of 3
[3.524s] 
[3.524s] Total Test time (real) =   3.46 sec
[3.524s] 
[3.524s] The following tests FAILED:
[3.524s] 	[0;31m  1 - test_load_mecanum_drive_controller (Failed)[0;0m
[3.525s] 	[0;31m  2 - test_mecanum_drive_controller (Failed)[0;0m
[3.532s] Errors while running CTest
[3.532s] Output from these tests are in: /home/ravik/ros2_rolling/build/mecanum_drive_controller/Testing/Temporary/LastTest.log
[3.532s] Use "--rerun-failed --output-on-failure" to re-run the failed cases verbosely.
[3.533s] Invoked command in '/home/ravik/ros2_rolling/build/mecanum_drive_controller' returned '8': AMENT_PREFIX_PATH=/home/ravik/ros2_rolling/install/mecanum_drive_controller:/home/ravik/ros2_rolling/install/generate_parameter_library_py:/home/ravik/ros2_rolling/install/ros2_controllers:/home/ravik/ros2_rolling/install/velocity_controllers:/home/ravik/ros2_rolling/install/tricycle_steering_controller:/home/ravik/ros2_rolling/install/tricycle_controller:/home/ravik/ros2_rolling/install/ros2_control:/home/ravik/ros2_rolling/install/transmission_interface:/home/ravik/ros2_rolling/install/bicycle_steering_controller:/home/ravik/ros2_rolling/install/ackermann_steering_controller:/home/ravik/ros2_rolling/install/steering_controllers_library:/home/ravik/ros2_rolling/install/rqt_joint_trajectory_controller:/home/ravik/ros2_rolling/install/rqt_controller_manager:/home/ravik/ros2_rolling/install/ros2controlcli:/home/ravik/ros2_rolling/install/ros2_controllers_test_nodes:/home/ravik/ros2_rolling/install/hardware_interface_testing:/home/ravik/ros2_rolling/install/controller_manager:/home/ravik/ros2_rolling/install/ros2_control_test_assets:/home/ravik/ros2_rolling/install/range_sensor_broadcaster:/home/ravik/ros2_rolling/install/position_controllers:/home/ravik/ros2_rolling/install/pose_broadcaster:/home/ravik/ros2_rolling/install/pid_controller:/home/ravik/ros2_rolling/install/parallel_gripper_controller:/home/ravik/ros2_rolling/install/admittance_controller:/home/ravik/ros2_rolling/install/joint_trajectory_controller:/home/ravik/ros2_rolling/install/joint_state_broadcaster:/home/ravik/ros2_rolling/install/imu_sensor_broadcaster:/home/ravik/ros2_rolling/install/gripper_controllers:/home/ravik/ros2_rolling/install/effort_controllers:/home/ravik/ros2_rolling/install/forward_command_controller:/home/ravik/ros2_rolling/install/force_torque_sensor_broadcaster:/home/ravik/ros2_rolling/install/diff_drive_controller:/home/ravik/ros2_rolling/install/controller_interface:/home/ravik/ros2_rolling/install/hardware_interface:/home/ravik/ros2_rolling/install/joint_limits:/home/ravik/ros2_rolling/install/control_toolbox:/home/ravik/ros2_rolling/install/realtime_tools:/home/ravik/ros2_rolling/install/generate_parameter_module_example:/home/ravik/ros2_rolling/install/generate_parameter_library_example:/home/ravik/ros2_rolling/install/cmake_generate_parameter_module_example:/home/ravik/ros2_rolling/install/generate_parameter_library:/home/ravik/ros2_rolling/install/parameter_traits:/home/ravik/ros2_rolling/install/kinematics_interface_kdl:/home/ravik/ros2_rolling/install/kinematics_interface:/home/ravik/ros2_rolling/install/controller_manager_msgs:/home/ravik/ros2_rolling/install/control_msgs:/opt/ros/jazzy CMAKE_PREFIX_PATH=/home/ravik/ros2_rolling/install/mecanum_drive_controller:/home/ravik/ros2_rolling/install/controller_manager:/home/ravik/ros2_rolling/install/hardware_interface_testing:/home/ravik/ros2_rolling/install/controller_interface:/home/ravik/ros2_rolling/install/hardware_interface:/home/ravik/ros2_rolling/install/joint_limits:/home/ravik/ros2_rolling/install/generate_parameter_library:/home/ravik/ros2_rolling/install/ros2_control_test_assets:/home/ravik/ros2_rolling/install/realtime_tools:/home/ravik/ros2_rolling/install/parameter_traits:/home/ravik/ros2_rolling/install/controller_manager_msgs:/home/ravik/ros2_rolling/install/control_msgs:/home/ravik/ros2_rolling/install/ros2_controllers:/home/ravik/ros2_rolling/install/velocity_controllers:/home/ravik/ros2_rolling/install/tricycle_steering_controller:/home/ravik/ros2_rolling/install/tricycle_controller:/home/ravik/ros2_rolling/install/ros2_control:/home/ravik/ros2_rolling/install/transmission_interface:/home/ravik/ros2_rolling/install/bicycle_steering_controller:/home/ravik/ros2_rolling/install/ackermann_steering_controller:/home/ravik/ros2_rolling/install/steering_controllers_library:/home/ravik/ros2_rolling/install/range_sensor_broadcaster:/home/ravik/ros2_rolling/install/position_controllers:/home/ravik/ros2_rolling/install/pose_broadcaster:/home/ravik/ros2_rolling/install/pid_controller:/home/ravik/ros2_rolling/install/parallel_gripper_controller:/home/ravik/ros2_rolling/install/admittance_controller:/home/ravik/ros2_rolling/install/joint_trajectory_controller:/home/ravik/ros2_rolling/install/joint_state_broadcaster:/home/ravik/ros2_rolling/install/imu_sensor_broadcaster:/home/ravik/ros2_rolling/install/gripper_controllers:/home/ravik/ros2_rolling/install/effort_controllers:/home/ravik/ros2_rolling/install/forward_command_controller:/home/ravik/ros2_rolling/install/force_torque_sensor_broadcaster:/home/ravik/ros2_rolling/install/diff_drive_controller:/home/ravik/ros2_rolling/install/control_toolbox:/home/ravik/ros2_rolling/install/generate_parameter_library_example:/home/ravik/ros2_rolling/install/cmake_generate_parameter_module_example:/home/ravik/ros2_rolling/install/kinematics_interface_kdl:/home/ravik/ros2_rolling/install/kinematics_interface:/opt/ros/jazzy/opt/gz_math_vendor:/opt/ros/jazzy/opt/gz_utils_vendor:/opt/ros/jazzy/opt/gz_cmake_vendor DEBUGINFOD_URLS=https://debuginfod.ubuntu.com LD_LIBRARY_PATH=/home/ravik/ros2_rolling/install/mecanum_drive_controller/lib:/home/ravik/ros2_rolling/install/controller_manager/lib:/home/ravik/ros2_rolling/install/hardware_interface_testing/lib:/home/ravik/ros2_rolling/install/controller_interface/lib:/home/ravik/ros2_rolling/install/hardware_interface/lib:/home/ravik/ros2_rolling/install/joint_limits/lib:/home/ravik/ros2_rolling/install/realtime_tools/lib:/home/ravik/ros2_rolling/install/controller_manager_msgs/lib:/home/ravik/ros2_rolling/install/control_msgs/lib:/home/ravik/ros2_rolling/install/velocity_controllers/lib:/home/ravik/ros2_rolling/install/tricycle_steering_controller/lib:/home/ravik/ros2_rolling/install/tricycle_controller/lib:/home/ravik/ros2_rolling/install/transmission_interface/lib:/home/ravik/ros2_rolling/install/bicycle_steering_controller/lib:/home/ravik/ros2_rolling/install/ackermann_steering_controller/lib:/home/ravik/ros2_rolling/install/steering_controllers_library/lib:/home/ravik/ros2_rolling/install/ros2_control_test_assets/lib:/home/ravik/ros2_rolling/install/range_sensor_broadcaster/lib:/home/ravik/ros2_rolling/install/position_controllers/lib:/home/ravik/ros2_rolling/install/pose_broadcaster/lib:/home/ravik/ros2_rolling/install/pid_controller/lib:/home/ravik/ros2_rolling/install/parallel_gripper_controller/lib:/home/ravik/ros2_rolling/install/admittance_controller/lib:/home/ravik/ros2_rolling/install/joint_trajectory_controller/lib:/home/ravik/ros2_rolling/install/joint_state_broadcaster/lib:/home/ravik/ros2_rolling/install/imu_sensor_broadcaster/lib:/home/ravik/ros2_rolling/install/gripper_controllers/lib:/home/ravik/ros2_rolling/install/effort_controllers/lib:/home/ravik/ros2_rolling/install/forward_command_controller/lib:/home/ravik/ros2_rolling/install/force_torque_sensor_broadcaster/lib:/home/ravik/ros2_rolling/install/diff_drive_controller/lib:/home/ravik/ros2_rolling/install/control_toolbox/lib:/home/ravik/ros2_rolling/install/generate_parameter_library_example/lib:/home/ravik/ros2_rolling/install/parameter_traits/lib:/home/ravik/ros2_rolling/install/kinematics_interface_kdl/lib:/home/ravik/ros2_rolling/install/kinematics_interface/lib:/opt/ros/jazzy/opt/rviz_ogre_vendor/lib:/opt/ros/jazzy/lib/x86_64-linux-gnu:/opt/ros/jazzy/opt/gz_math_vendor/lib:/opt/ros/jazzy/opt/gz_utils_vendor/lib:/opt/ros/jazzy/opt/gz_cmake_vendor/lib:/opt/ros/jazzy/lib PS1=\[\e]0;$(parse_ros_workspace)\a\]\[\e[1;32m\]\u\[\[\e[0;37m\]@\[\[\e[0;33m\]\h\[\[\e[1;33m\]${text}\[\[\e[0;37m\]:\[$(set_ros_workspace_color)\]$(parse_ros_workspace)\[\[\e[0;32m\]$(parse_git_bracket)\[$(set_git_color)\]$(get_gitbranch)\[\e[0;32m\]>\[\e[1;35m\]\W\[\[\e[1;35m\]$\[\[\e[0m\]\[\e[m\] PYTHONPATH=/home/ravik/ros2_rolling/install/controller_manager/lib/python3.12/site-packages:/home/ravik/ros2_rolling/build/generate_parameter_library_py:/home/ravik/ros2_rolling/install/generate_parameter_library_py/lib/python3.12/site-packages:/home/ravik/ros2_rolling/install/controller_manager_msgs/lib/python3.12/site-packages:/home/ravik/ros2_rolling/install/control_msgs/lib/python3.12/site-packages:/home/ravik/ros2_rolling/build/rqt_joint_trajectory_controller:/home/ravik/ros2_rolling/install/rqt_joint_trajectory_controller/lib/python3.12/site-packages:/home/ravik/ros2_rolling/build/rqt_controller_manager:/home/ravik/ros2_rolling/install/rqt_controller_manager/lib/python3.12/site-packages:/home/ravik/ros2_rolling/build/ros2controlcli:/home/ravik/ros2_rolling/install/ros2controlcli/lib/python3.12/site-packages:/home/ravik/ros2_rolling/build/ros2_controllers_test_nodes:/home/ravik/ros2_rolling/install/ros2_controllers_test_nodes/lib/python3.12/site-packages:/home/ravik/ros2_rolling/build/generate_parameter_module_example:/home/ravik/ros2_rolling/install/generate_parameter_module_example/lib/python3.12/site-packages:/home/ravik/ros2_rolling/install/cmake_generate_parameter_module_example/lib/python3.12/site-packages:/opt/ros/jazzy/lib/python3.12/site-packages /usr/bin/ctest -C Release -D ExperimentalTest --no-compress-output -V --force-new-ctest-process
