-- The CXX compiler identification is GNU 13.2.0
-- Detecting CXX compiler ABI info
-- Detecting CXX compiler ABI info - done
-- Check for working CXX compiler: /usr/bin/c++ - skipped
-- Detecting CXX compile features
-- Detecting CXX compile features - done
-- Found ament_cmake: 2.7.0 (/opt/ros/rolling/share/ament_cmake/cmake)
-- Found Python3: /usr/bin/python3 (found version "3.12.3") found components: Interpreter 
-- Override CMake install command with custom implementation using symlinks instead of copying resources
-- Found controller_interface: 4.20.0 (/home/ravik/ros2_rolling/install/controller_interface/share/controller_interface/cmake)
-- Found rosidl_generator_c: 4.8.1 (/opt/ros/rolling/share/rosidl_generator_c/cmake)
-- Found rosidl_generator_cpp: 4.8.1 (/opt/ros/rolling/share/rosidl_generator_cpp/cmake)
-- Using all available rosidl_typesupport_c: rosidl_typesupport_fastrtps_c;rosidl_typesupport_introspection_c
-- Using all available rosidl_typesupport_cpp: rosidl_typesupport_fastrtps_cpp;rosidl_typesupport_introspection_cpp
-- Found TinyXML2 via Config file: /usr/lib/x86_64-linux-gnu/cmake/tinyxml2
-- Found rmw_implementation_cmake: 7.4.3 (/opt/ros/rolling/share/rmw_implementation_cmake/cmake)
-- Found rmw_fastrtps_cpp: 9.0.1 (/opt/ros/rolling/share/rmw_fastrtps_cpp/cmake)
-- Found TinyXML2 via Config file: /usr/lib/x86_64-linux-gnu/cmake/tinyxml2
-- Found OpenSSL: /usr/lib/x86_64-linux-gnu/libcrypto.so (found version "3.0.13")  
-- Found TinyXML2 via Config file: /usr/lib/x86_64-linux-gnu/cmake/tinyxml2
-- Found FastRTPS: /opt/ros/rolling/include (Required is at least version "2.13") 
-- Found TinyXML2 via Config file: /usr/lib/x86_64-linux-gnu/cmake/tinyxml2
-- Found TinyXML2 via Config file: /usr/lib/x86_64-linux-gnu/cmake/tinyxml2
-- Using RMW implementation 'rmw_fastrtps_cpp' as default
-- Found generate_parameter_library: 0.3.9 (/home/ravik/ros2_rolling/install/generate_parameter_library/share/generate_parameter_library/cmake)
-- Found parameter_traits: 0.3.9 (/home/ravik/ros2_rolling/install/parameter_traits/share/parameter_traits/cmake)
-- Found ament_cmake_gmock: 2.7.0 (/opt/ros/rolling/share/ament_cmake_gmock/cmake)
-- Found controller_manager: 4.20.0 (/home/ravik/ros2_rolling/install/controller_manager/share/controller_manager/cmake)
-- Found ros2_control_test_assets: 4.20.0 (/home/ravik/ros2_rolling/install/ros2_control_test_assets/share/ros2_control_test_assets/cmake)
-- Found gmock sources under '/opt/ros/rolling/src/gmock_vendor': C++ tests using 'Google Mock' will be built
-- The C compiler identification is GNU 13.2.0
-- Detecting C compiler ABI info
-- Detecting C compiler ABI info - done
-- Check for working C compiler: /usr/bin/cc - skipped
-- Detecting C compile features
-- Detecting C compile features - done
-- Found ament_cmake_gtest: 2.7.0 (/opt/ros/rolling/share/ament_cmake_gtest/cmake)
-- Found gtest sources under '/opt/ros/rolling/src/gtest_vendor': C++ tests using 'Google Test' will be built
-- Configuring done (1.5s)
-- Generating done (0.0s)
-- Build files have been written to: /home/ravik/ros2_rolling/build/force_torque_sensor_broadcaster
[  8%] [34m[1mRunning `/home/ravik/ros2_rolling/install/generate_parameter_library_py/bin/generate_parameter_library_cpp /home/ravik/ros2_rolling/build/force_torque_sensor_broadcaster/force_torque_sensor_broadcaster_parameters/include//force_torque_sensor_broadcaster_parameters.hpp /home/ravik/ros2_rolling/src/ros2_controllers/force_torque_sensor_broadcaster/src/force_torque_sensor_broadcaster_parameters.yaml `[0m
[ 16%] [32mBuilding CXX object gmock/CMakeFiles/gmock.dir/src/gmock-all.cc.o[0m
[ 25%] [32mBuilding CXX object gmock/CMakeFiles/gmock.dir/opt/ros/rolling/src/gtest_vendor/src/gtest-all.cc.o[0m
[ 33%] [32mBuilding CXX object gmock/CMakeFiles/gmock_main.dir/src/gmock_main.cc.o[0m
[ 33%] Built target force_torque_sensor_broadcaster_parameters
[ 41%] [32mBuilding CXX object CMakeFiles/force_torque_sensor_broadcaster.dir/src/force_torque_sensor_broadcaster.cpp.o[0m
[ 50%] [32m[1mLinking CXX static library libgmock_main.a[0m
[ 50%] Built target gmock_main
[ 58%] [32m[1mLinking CXX static library libgmock.a[0m
[ 58%] Built target gmock
[ 66%] [32m[1mLinking CXX shared library libforce_torque_sensor_broadcaster.so[0m
[ 66%] Built target force_torque_sensor_broadcaster
[ 83%] [32mBuilding CXX object CMakeFiles/test_load_force_torque_sensor_broadcaster.dir/test/test_load_force_torque_sensor_broadcaster.cpp.o[0m
[ 75%] [32mBuilding CXX object CMakeFiles/test_force_torque_sensor_broadcaster.dir/test/test_force_torque_sensor_broadcaster.cpp.o[0m
In file included from [01m[K/opt/ros/rolling/src/gtest_vendor/include/gtest/gtest.h:72[m[K,
                 from [01m[K/opt/ros/rolling/src/gmock_vendor/include/gmock/internal/gmock-internal-utils.h:50[m[K,
                 from [01m[K/opt/ros/rolling/src/gmock_vendor/include/gmock/gmock-actions.h:145[m[K,
                 from [01m[K/opt/ros/rolling/src/gmock_vendor/include/gmock/gmock.h:56[m[K,
                 from [01m[K/home/ravik/ros2_rolling/src/ros2_controllers/force_torque_sensor_broadcaster/test/test_force_torque_sensor_broadcaster.hpp:22[m[K,
                 from [01m[K/home/ravik/ros2_rolling/src/ros2_controllers/force_torque_sensor_broadcaster/test/test_force_torque_sensor_broadcaster.cpp:19[m[K:
[01m[K/home/ravik/ros2_rolling/src/ros2_controllers/force_torque_sensor_broadcaster/test/test_force_torque_sensor_broadcaster.cpp:[m[K In member function â€˜[01m[Kvirtual void ForceTorqueSensorBroadcasterTest_SensorName_Publish_Success_with_Offsets_Test::[01;32m[KTestBody[m[K()[m[Kâ€™:
[01m[K/home/ravik/ros2_rolling/src/ros2_controllers/force_torque_sensor_broadcaster/test/test_force_torque_sensor_broadcaster.cpp:330:46:[m[K [01;35m[Kwarning: [m[Kâ€˜[01m[Kdouble hardware_interface::Handle::[01;32m[Kget_value[m[K() const[m[Kâ€™ is deprecated: Use bool get_value(double & value) instead to retrieve the value. [[01;35m[K]8;;https://gcc.gnu.org/onlinedocs/gcc/Warning-Options.html#index-Wdeprecated-declarations-Wdeprecated-declarations]8;;[m[K]
  330 |       [01;35m[Kexported_state_interfaces[i]->get_value()[m[K,
      |       [01;35m[K~~~~~~~~~~~~~~~~~~~~~~~~~~~~~~~~~~~~~~~^~[m[K
[01m[K/opt/ros/rolling/src/gtest_vendor/include/gtest/gtest_pred_impl.h:79:52:[m[K [01;36m[Knote: [m[Kin definition of macro â€˜[01m[KGTEST_ASSERT_[m[Kâ€™
   79 |   if (const ::testing::AssertionResult gtest_ar = ([01;36m[Kexpression[m[K)) \
      |                                                    [01;36m[K^~~~~~~~~~[m[K
[01m[K/opt/ros/rolling/src/gtest_vendor/include/gtest/gtest_pred_impl.h:148:3:[m[K [01;36m[Knote: [m[Kin expansion of macro â€˜[01m[KGTEST_PRED_FORMAT2_[m[Kâ€™
  148 |   [01;36m[KGTEST_PRED_FORMAT2_[m[K(pred_format, v1, v2, GTEST_FATAL_FAILURE_)
      |   [01;36m[K^~~~~~~~~~~~~~~~~~~[m[K
[01m[K/opt/ros/rolling/src/gtest_vendor/include/gtest/gtest.h:1882:3:[m[K [01;36m[Knote: [m[Kin expansion of macro â€˜[01m[KASSERT_PRED_FORMAT2[m[Kâ€™
 1882 |   [01;36m[KASSERT_PRED_FORMAT2[m[K(::testing::internal::EqHelper::Compare, val1, val2)
      |   [01;36m[K^~~~~~~~~~~~~~~~~~~[m[K
[01m[K/opt/ros/rolling/src/gtest_vendor/include/gtest/gtest.h:1898:31:[m[K [01;36m[Knote: [m[Kin expansion of macro â€˜[01m[KGTEST_ASSERT_EQ[m[Kâ€™
 1898 | #define ASSERT_EQ(val1, val2) [01;36m[KGTEST_ASSERT_EQ[m[K(val1, val2)
      |                               [01;36m[K^~~~~~~~~~~~~~~[m[K
[01m[K/home/ravik/ros2_rolling/src/ros2_controllers/force_torque_sensor_broadcaster/test/test_force_torque_sensor_broadcaster.cpp:329:5:[m[K [01;36m[Knote: [m[Kin expansion of macro â€˜[01m[KASSERT_EQ[m[Kâ€™
  329 |     [01;36m[KASSERT_EQ[m[K(
      |     [01;36m[K^~~~~~~~~[m[K
In file included from [01m[K/home/ravik/ros2_rolling/src/ros2_control/controller_interface/include/controller_interface/controller_interface_base.hpp:26[m[K,
                 from [01m[K/home/ravik/ros2_rolling/src/ros2_control/controller_interface/include/controller_interface/chainable_controller_interface.hpp:23[m[K,
                 from [01m[K/home/ravik/ros2_rolling/src/ros2_controllers/force_torque_sensor_broadcaster/include/force_torque_sensor_broadcaster/force_torque_sensor_broadcaster.hpp:25[m[K,
                 from [01m[K/home/ravik/ros2_rolling/src/ros2_controllers/force_torque_sensor_broadcaster/test/test_force_torque_sensor_broadcaster.hpp:27[m[K:
[01m[K/home/ravik/ros2_rolling/src/ros2_control/hardware_interface/include/hardware_interface/handle.hpp:146:10:[m[K [01;36m[Knote: [m[Kdeclared here
  146 |   double [01;36m[Kget_value[m[K() const
      |          [01;36m[K^~~~~~~~~[m[K
[01m[K/home/ravik/ros2_rolling/src/ros2_controllers/force_torque_sensor_broadcaster/test/test_force_torque_sensor_broadcaster.cpp:[m[K In member function â€˜[01m[Kvirtual void ForceTorqueSensorBroadcasterTest_InterfaceNames_Publish_Success_Test::[01;32m[KTestBody[m[K()[m[Kâ€™:
[01m[K/home/ravik/ros2_rolling/src/ros2_controllers/force_torque_sensor_broadcaster/test/test_force_torque_sensor_broadcaster.cpp:364:52:[m[K [01;35m[Kwarning: [m[Kâ€˜[01m[Kdouble hardware_interface::Handle::[01;32m[Kget_value[m[K() const[m[Kâ€™ is deprecated: Use bool get_value(double & value) instead to retrieve the value. [[01;35m[K]8;;https://gcc.gnu.org/onlinedocs/gcc/Warning-Options.html#index-Wdeprecated-declarations-Wdeprecated-declarations]8;;[m[K]
  364 |   ASSERT_EQ([01;35m[Kexported_state_interfaces[0]->get_value()[m[K, sensor_values_[0]);
      |             [01;35m[K~~~~~~~~~~~~~~~~~~~~~~~~~~~~~~~~~~~~~~~^~[m[K
[01m[K/opt/ros/rolling/src/gtest_vendor/include/gtest/gtest_pred_impl.h:79:52:[m[K [01;36m[Knote: [m[Kin definition of macro â€˜[01m[KGTEST_ASSERT_[m[Kâ€™
   79 |   if (const ::testing::AssertionResult gtest_ar = ([01;36m[Kexpression[m[K)) \
      |                                                    [01;36m[K^~~~~~~~~~[m[K
[01m[K/opt/ros/rolling/src/gtest_vendor/include/gtest/gtest_pred_impl.h:148:3:[m[K [01;36m[Knote: [m[Kin expansion of macro â€˜[01m[KGTEST_PRED_FORMAT2_[m[Kâ€™
  148 |   [01;36m[KGTEST_PRED_FORMAT2_[m[K(pred_format, v1, v2, GTEST_FATAL_FAILURE_)
      |   [01;36m[K^~~~~~~~~~~~~~~~~~~[m[K
[01m[K/opt/ros/rolling/src/gtest_vendor/include/gtest/gtest.h:1882:3:[m[K [01;36m[Knote: [m[Kin expansion of macro â€˜[01m[KASSERT_PRED_FORMAT2[m[Kâ€™
 1882 |   [01;36m[KASSERT_PRED_FORMAT2[m[K(::testing::internal::EqHelper::Compare, val1, val2)
      |   [01;36m[K^~~~~~~~~~~~~~~~~~~[m[K
[01m[K/opt/ros/rolling/src/gtest_vendor/include/gtest/gtest.h:1898:31:[m[K [01;36m[Knote: [m[Kin expansion of macro â€˜[01m[KGTEST_ASSERT_EQ[m[Kâ€™
 1898 | #define ASSERT_EQ(val1, val2) [01;36m[KGTEST_ASSERT_EQ[m[K(val1, val2)
      |                               [01;36m[K^~~~~~~~~~~~~~~[m[K
[01m[K/home/ravik/ros2_rolling/src/ros2_controllers/force_torque_sensor_broadcaster/test/test_force_torque_sensor_broadcaster.cpp:364:3:[m[K [01;36m[Knote: [m[Kin expansion of macro â€˜[01m[KASSERT_EQ[m[Kâ€™
  364 |   [01;36m[KASSERT_EQ[m[K(exported_state_interfaces[0]->get_value(), sensor_values_[0]);
      |   [01;36m[K^~~~~~~~~[m[K
[01m[K/home/ravik/ros2_rolling/src/ros2_control/hardware_interface/include/hardware_interface/handle.hpp:146:10:[m[K [01;36m[Knote: [m[Kdeclared here
  146 |   double [01;36m[Kget_value[m[K() const
      |          [01;36m[K^~~~~~~~~[m[K
[01m[K/home/ravik/ros2_rolling/src/ros2_controllers/force_torque_sensor_broadcaster/test/test_force_torque_sensor_broadcaster.cpp:365:52:[m[K [01;35m[Kwarning: [m[Kâ€˜[01m[Kdouble hardware_interface::Handle::[01;32m[Kget_value[m[K() const[m[Kâ€™ is deprecated: Use bool get_value(double & value) instead to retrieve the value. [[01;35m[K]8;;https://gcc.gnu.org/onlinedocs/gcc/Warning-Options.html#index-Wdeprecated-declarations-Wdeprecated-declarations]8;;[m[K]
  365 |   ASSERT_EQ([01;35m[Kexported_state_interfaces[1]->get_value()[m[K, sensor_values_[5]);
      |             [01;35m[K~~~~~~~~~~~~~~~~~~~~~~~~~~~~~~~~~~~~~~~^~[m[K
[01m[K/opt/ros/rolling/src/gtest_vendor/include/gtest/gtest_pred_impl.h:79:52:[m[K [01;36m[Knote: [m[Kin definition of macro â€˜[01m[KGTEST_ASSERT_[m[Kâ€™
   79 |   if (const ::testing::AssertionResult gtest_ar = ([01;36m[Kexpression[m[K)) \
      |                                                    [01;36m[K^~~~~~~~~~[m[K
[01m[K/opt/ros/rolling/src/gtest_vendor/include/gtest/gtest_pred_impl.h:148:3:[m[K [01;36m[Knote: [m[Kin expansion of macro â€˜[01m[KGTEST_PRED_FORMAT2_[m[Kâ€™
  148 |   [01;36m[KGTEST_PRED_FORMAT2_[m[K(pred_format, v1, v2, GTEST_FATAL_FAILURE_)
      |   [01;36m[K^~~~~~~~~~~~~~~~~~~[m[K
[01m[K/opt/ros/rolling/src/gtest_vendor/include/gtest/gtest.h:1882:3:[m[K [01;36m[Knote: [m[Kin expansion of macro â€˜[01m[KASSERT_PRED_FORMAT2[m[Kâ€™
 1882 |   [01;36m[KASSERT_PRED_FORMAT2[m[K(::testing::internal::EqHelper::Compare, val1, val2)
      |   [01;36m[K^~~~~~~~~~~~~~~~~~~[m[K
[01m[K/opt/ros/rolling/src/gtest_vendor/include/gtest/gtest.h:1898:31:[m[K [01;36m[Knote: [m[Kin expansion of macro â€˜[01m[KGTEST_ASSERT_EQ[m[Kâ€™
 1898 | #define ASSERT_EQ(val1, val2) [01;36m[KGTEST_ASSERT_EQ[m[K(val1, val2)
      |                               [01;36m[K^~~~~~~~~~~~~~~[m[K
[01m[K/home/ravik/ros2_rolling/src/ros2_controllers/force_torque_sensor_broadcaster/test/test_force_torque_sensor_broadcaster.cpp:365:3:[m[K [01;36m[Knote: [m[Kin expansion of macro â€˜[01m[KASSERT_EQ[m[Kâ€™
  365 |   [01;36m[KASSERT_EQ[m[K(exported_state_interfaces[1]->get_value(), sensor_values_[5]);
      |   [01;36m[K^~~~~~~~~[m[K
[01m[K/home/ravik/ros2_rolling/src/ros2_control/hardware_interface/include/hardware_interface/handle.hpp:146:10:[m[K [01;36m[Knote: [m[Kdeclared here
  146 |   double [01;36m[Kget_value[m[K() const
      |          [01;36m[K^~~~~~~~~[m[K
[01m[K/home/ravik/ros2_rolling/src/ros2_controllers/force_torque_sensor_broadcaster/test/test_force_torque_sensor_broadcaster.cpp:[m[K In member function â€˜[01m[Kvirtual void ForceTorqueSensorBroadcasterTest_All_InterfaceNames_Publish_Success_Test::[01;32m[KTestBody[m[K()[m[Kâ€™:
[01m[K/home/ravik/ros2_rolling/src/ros2_controllers/force_torque_sensor_broadcaster/test/test_force_torque_sensor_broadcaster.cpp:407:54:[m[K [01;35m[Kwarning: [m[Kâ€˜[01m[Kdouble hardware_interface::Handle::[01;32m[Kget_value[m[K() const[m[Kâ€™ is deprecated: Use bool get_value(double & value) instead to retrieve the value. [[01;35m[K]8;;https://gcc.gnu.org/onlinedocs/gcc/Warning-Options.html#index-Wdeprecated-declarations-Wdeprecated-declarations]8;;[m[K]
  407 |     ASSERT_EQ([01;35m[Kexported_state_interfaces[i]->get_value()[m[K, sensor_values_[i]);
      |               [01;35m[K~~~~~~~~~~~~~~~~~~~~~~~~~~~~~~~~~~~~~~~^~[m[K
[01m[K/opt/ros/rolling/src/gtest_vendor/include/gtest/gtest_pred_impl.h:79:52:[m[K [01;36m[Knote: [m[Kin definition of macro â€˜[01m[KGTEST_ASSERT_[m[Kâ€™
   79 |   if (const ::testing::AssertionResult gtest_ar = ([01;36m[Kexpression[m[K)) \
      |                                                    [01;36m[K^~~~~~~~~~[m[K
[01m[K/opt/ros/rolling/src/gtest_vendor/include/gtest/gtest_pred_impl.h:148:3:[m[K [01;36m[Knote: [m[Kin expansion of macro â€˜[01m[KGTEST_PRED_FORMAT2_[m[Kâ€™
  148 |   [01;36m[KGTEST_PRED_FORMAT2_[m[K(pred_format, v1, v2, GTEST_FATAL_FAILURE_)
      |   [01;36m[K^~~~~~~~~~~~~~~~~~~[m[K
[01m[K/opt/ros/rolling/src/gtest_vendor/include/gtest/gtest.h:1882:3:[m[K [01;36m[Knote: [m[Kin expansion of macro â€˜[01m[KASSERT_PRED_FORMAT2[m[Kâ€™
 1882 |   [01;36m[KASSERT_PRED_FORMAT2[m[K(::testing::internal::EqHelper::Compare, val1, val2)
      |   [01;36m[K^~~~~~~~~~~~~~~~~~~[m[K
[01m[K/opt/ros/rolling/src/gtest_vendor/include/gtest/gtest.h:1898:31:[m[K [01;36m[Knote: [m[Kin expansion of macro â€˜[01m[KGTEST_ASSERT_EQ[m[Kâ€™
 1898 | #define ASSERT_EQ(val1, val2) [01;36m[KGTEST_ASSERT_EQ[m[K(val1, val2)
      |                               [01;36m[K^~~~~~~~~~~~~~~[m[K
[01m[K/home/ravik/ros2_rolling/src/ros2_controllers/force_torque_sensor_broadcaster/test/test_force_torque_sensor_broadcaster.cpp:407:5:[m[K [01;36m[Knote: [m[Kin expansion of macro â€˜[01m[KASSERT_EQ[m[Kâ€™
  407 |     [01;36m[KASSERT_EQ[m[K(exported_state_interfaces[i]->get_value(), sensor_values_[i]);
      |     [01;36m[K^~~~~~~~~[m[K
[01m[K/home/ravik/ros2_rolling/src/ros2_control/hardware_interface/include/hardware_interface/handle.hpp:146:10:[m[K [01;36m[Knote: [m[Kdeclared here
  146 |   double [01;36m[Kget_value[m[K() const
      |          [01;36m[K^~~~~~~~~[m[K
[ 91%] [32m[1mLinking CXX executable test_load_force_torque_sensor_broadcaster[0m
[ 91%] Built target test_load_force_torque_sensor_broadcaster
[100%] [32m[1mLinking CXX executable test_force_torque_sensor_broadcaster[0m
[100%] Built target test_force_torque_sensor_broadcaster
-- Install configuration: ""
-- Execute custom install script
-- Symlinking: /home/ravik/ros2_rolling/install/force_torque_sensor_broadcaster/include/force_torque_sensor_broadcaster_parameters/force_torque_sensor_broadcaster_parameters.hpp
-- Symlinking: /home/ravik/ros2_rolling/install/force_torque_sensor_broadcaster/share/force_torque_sensor_broadcaster//force_torque_sensor_broadcaster.xml
-- Symlinking: /home/ravik/ros2_rolling/install/force_torque_sensor_broadcaster/include/force_torque_sensor_broadcaster/force_torque_sensor_broadcaster/force_torque_sensor_broadcaster.hpp
-- Symlinking: /home/ravik/ros2_rolling/install/force_torque_sensor_broadcaster/include/force_torque_sensor_broadcaster/force_torque_sensor_broadcaster/visibility_control.h
-- Symlinking: /home/ravik/ros2_rolling/install/force_torque_sensor_broadcaster/share/force_torque_sensor_broadcaster/environment/library_path.sh
-- Symlinking: /home/ravik/ros2_rolling/install/force_torque_sensor_broadcaster/share/force_torque_sensor_broadcaster/environment/library_path.dsv
-- Symlinking: /home/ravik/ros2_rolling/install/force_torque_sensor_broadcaster/share/ament_index/resource_index/package_run_dependencies/force_torque_sensor_broadcaster
-- Symlinking: /home/ravik/ros2_rolling/install/force_torque_sensor_broadcaster/share/ament_index/resource_index/parent_prefix_path/force_torque_sensor_broadcaster
-- Symlinking: /home/ravik/ros2_rolling/install/force_torque_sensor_broadcaster/share/force_torque_sensor_broadcaster/environment/ament_prefix_path.sh
-- Symlinking: /home/ravik/ros2_rolling/install/force_torque_sensor_broadcaster/share/force_torque_sensor_broadcaster/environment/ament_prefix_path.dsv
-- Symlinking: /home/ravik/ros2_rolling/install/force_torque_sensor_broadcaster/share/force_torque_sensor_broadcaster/environment/path.sh
-- Symlinking: /home/ravik/ros2_rolling/install/force_torque_sensor_broadcaster/share/force_torque_sensor_broadcaster/environment/path.dsv
-- Symlinking: /home/ravik/ros2_rolling/install/force_torque_sensor_broadcaster/share/force_torque_sensor_broadcaster/local_setup.bash
-- Symlinking: /home/ravik/ros2_rolling/install/force_torque_sensor_broadcaster/share/force_torque_sensor_broadcaster/local_setup.sh
-- Symlinking: /home/ravik/ros2_rolling/install/force_torque_sensor_broadcaster/share/force_torque_sensor_broadcaster/local_setup.zsh
-- Symlinking: /home/ravik/ros2_rolling/install/force_torque_sensor_broadcaster/share/force_torque_sensor_broadcaster/local_setup.dsv
-- Symlinking: /home/ravik/ros2_rolling/install/force_torque_sensor_broadcaster/share/force_torque_sensor_broadcaster/package.dsv
-- Symlinking: /home/ravik/ros2_rolling/install/force_torque_sensor_broadcaster/share/ament_index/resource_index/packages/force_torque_sensor_broadcaster
-- Symlinking: /home/ravik/ros2_rolling/install/force_torque_sensor_broadcaster/share/ament_index/resource_index/controller_interface__pluginlib__plugin/force_torque_sensor_broadcaster
-- Symlinking: /home/ravik/ros2_rolling/install/force_torque_sensor_broadcaster/share/force_torque_sensor_broadcaster/cmake/ament_cmake_export_targets-extras.cmake
-- Symlinking: /home/ravik/ros2_rolling/install/force_torque_sensor_broadcaster/share/force_torque_sensor_broadcaster/cmake/ament_cmake_export_dependencies-extras.cmake
-- Symlinking: /home/ravik/ros2_rolling/install/force_torque_sensor_broadcaster/share/force_torque_sensor_broadcaster/cmake/force_torque_sensor_broadcasterConfig.cmake
-- Symlinking: /home/ravik/ros2_rolling/install/force_torque_sensor_broadcaster/share/force_torque_sensor_broadcaster/cmake/force_torque_sensor_broadcasterConfig-version.cmake
-- Symlinking: /home/ravik/ros2_rolling/install/force_torque_sensor_broadcaster/share/force_torque_sensor_broadcaster/package.xml
-- Installing: /home/ravik/ros2_rolling/install/force_torque_sensor_broadcaster/lib/libforce_torque_sensor_broadcaster.so
-- Set non-toolchain portion of runtime path of "/home/ravik/ros2_rolling/install/force_torque_sensor_broadcaster/lib/libforce_torque_sensor_broadcaster.so" to ""
-- Installing: /home/ravik/ros2_rolling/install/force_torque_sensor_broadcaster/share/force_torque_sensor_broadcaster/cmake/export_force_torque_sensor_broadcasterExport.cmake
-- Installing: /home/ravik/ros2_rolling/install/force_torque_sensor_broadcaster/share/force_torque_sensor_broadcaster/cmake/export_force_torque_sensor_broadcasterExport-noconfig.cmake
