[0.000000] (-) TimerEvent: {}
[0.000415] (mecanum_drive_controller) JobQueued: {'identifier': 'mecanum_drive_controller', 'dependencies': OrderedDict({'control_msgs': '/home/ravik/ros2_rolling/install/control_msgs', 'controller_manager_msgs': '/home/ravik/ros2_rolling/install/controller_manager_msgs', 'generate_parameter_library_py': '/home/ravik/ros2_rolling/install/generate_parameter_library_py', 'parameter_traits': '/home/ravik/ros2_rolling/install/parameter_traits', 'realtime_tools': '/home/ravik/ros2_rolling/install/realtime_tools', 'ros2_control_test_assets': '/home/ravik/ros2_rolling/install/ros2_control_test_assets', 'generate_parameter_library': '/home/ravik/ros2_rolling/install/generate_parameter_library', 'joint_limits': '/home/ravik/ros2_rolling/install/joint_limits', 'hardware_interface': '/home/ravik/ros2_rolling/install/hardware_interface', 'controller_interface': '/home/ravik/ros2_rolling/install/controller_interface', 'hardware_interface_testing': '/home/ravik/ros2_rolling/install/hardware_interface_testing', 'controller_manager': '/home/ravik/ros2_rolling/install/controller_manager', 'mecanum_drive_controller': '/home/ravik/ros2_rolling/install/mecanum_drive_controller'})}
[0.000537] (mecanum_drive_controller) JobStarted: {'identifier': 'mecanum_drive_controller'}
[0.049800] (mecanum_drive_controller) Command: {'cmd': ['/usr/bin/ctest', '-C', 'Release', '-D', 'ExperimentalTest', '--no-compress-output', '-V', '--force-new-ctest-process'], 'cwd': '/home/ravik/ros2_rolling/build/mecanum_drive_controller', 'env': OrderedDict({'RAW_TERMINAL_COLOR_LIGHT_CYAN': '\x1b[1;36m', 'LESSOPEN': '| /usr/bin/lesspipe %s', 'KDE_FULL_SESSION': 'true', 'LANGUAGE': 'en_US', 'USER': 'ravik', 'PAM_KWALLET5_LOGIN': '/run/user/1003/kwallet5.socket', 'TERMINAL_BG_COLOR_GREEN': '\\e[42m', 'LC_TIME': 'de_DE.UTF-8', 'XDG_SEAT': 'seat0', 'TERMINAL_COLOR_USER_INPUT_DECISION': '\\e[0;35m', 'SSH_AGENT_PID': '2859', 'XDG_SESSION_TYPE': 'x11', 'TERMINAL_COLOR_GREEN': '\\e[0;32m', 'RAW_TERMINAL_COLOR_WHITE': '\x1b[1;37m', 'XCURSOR_SIZE': '24', 'RAW_TERMINAL_COLOR_GRAY': '\x1b[1;30m', 'TERMINAL_BG_COLOR_LIGHT_GREEN': '\\e[1;42m', 'SHLVL': '1', 'LD_LIBRARY_PATH': '/home/ravik/ros2_rolling/install/mecanum_drive_controller/lib:/home/ravik/ros2_rolling/install/controller_manager/lib:/home/ravik/ros2_rolling/install/hardware_interface_testing/lib:/home/ravik/ros2_rolling/install/controller_interface/lib:/home/ravik/ros2_rolling/install/hardware_interface/lib:/home/ravik/ros2_rolling/install/joint_limits/lib:/home/ravik/ros2_rolling/install/realtime_tools/lib:/home/ravik/ros2_rolling/install/controller_manager_msgs/lib:/home/ravik/ros2_rolling/install/control_msgs/lib:/home/ravik/ros2_rolling/install/velocity_controllers/lib:/home/ravik/ros2_rolling/install/tricycle_steering_controller/lib:/home/ravik/ros2_rolling/install/tricycle_controller/lib:/home/ravik/ros2_rolling/install/transmission_interface/lib:/home/ravik/ros2_rolling/install/bicycle_steering_controller/lib:/home/ravik/ros2_rolling/install/ackermann_steering_controller/lib:/home/ravik/ros2_rolling/install/steering_controllers_library/lib:/home/ravik/ros2_rolling/install/ros2_control_test_assets/lib:/home/ravik/ros2_rolling/install/range_sensor_broadcaster/lib:/home/ravik/ros2_rolling/install/position_controllers/lib:/home/ravik/ros2_rolling/install/pose_broadcaster/lib:/home/ravik/ros2_rolling/install/pid_controller/lib:/home/ravik/ros2_rolling/install/parallel_gripper_controller/lib:/home/ravik/ros2_rolling/install/admittance_controller/lib:/home/ravik/ros2_rolling/install/joint_trajectory_controller/lib:/home/ravik/ros2_rolling/install/joint_state_broadcaster/lib:/home/ravik/ros2_rolling/install/imu_sensor_broadcaster/lib:/home/ravik/ros2_rolling/install/gripper_controllers/lib:/home/ravik/ros2_rolling/install/effort_controllers/lib:/home/ravik/ros2_rolling/install/forward_command_controller/lib:/home/ravik/ros2_rolling/install/force_torque_sensor_broadcaster/lib:/home/ravik/ros2_rolling/install/diff_drive_controller/lib:/home/ravik/ros2_rolling/install/control_toolbox/lib:/home/ravik/ros2_rolling/install/generate_parameter_library_example/lib:/home/ravik/ros2_rolling/install/parameter_traits/lib:/home/ravik/ros2_rolling/install/kinematics_interface_kdl/lib:/home/ravik/ros2_rolling/install/kinematics_interface/lib:/opt/ros/jazzy/opt/rviz_ogre_vendor/lib:/opt/ros/jazzy/lib/x86_64-linux-gnu:/opt/ros/jazzy/opt/gz_math_vendor/lib:/opt/ros/jazzy/opt/gz_utils_vendor/lib:/opt/ros/jazzy/opt/gz_cmake_vendor/lib:/opt/ros/jazzy/lib', 'AMENT_CPPCHECK_ALLOW_SLOW_VERSIONS': 'true', 'HOME': '/home/ravik', 'ROS_WS_CACHE_SOURCED_TIME': '1731070235', 'KDE_APPLICATIONS_AS_SCOPE': '1', 'OLDPWD': '/home/ravik/ros2_rolling', 'DESKTOP_SESSION': 'plasma', 'TERMINAL_BG_COLOR_BLUE': '\\e[44m', 'TERMINAL_COLOR_LIGHT_GREEN': '\\e[1;32m', 'RAW_TERMINAL_COLOR_BLACK': '\x1b[0;30m', 'RAW_TERMINAL_COLOR_LIGHT_GRAY': '\x1b[0;37m', 'TERMINAL_BG_COLOR_RED': '\\e[41m', 'RTI_LICENSE_FILE': '/opt/rti.com/rti_connext_dds-5.3.1/rti_license.dat', 'ROS_PYTHON_VERSION': '3', 'GTK_RC_FILES': '/etc/gtk/gtkrc:/home/ravik/.gtkrc:/home/ravik/.config/gtkrc', 'XDG_SEAT_PATH': '/org/freedesktop/DisplayManager/Seat0', 'TERMINAL_COLOR_BLUE': '\\e[0;34m', 'KDE_SESSION_VERSION': '5', 'RosTeamWS_DOCKER_CONTAINER_NAME': 'rtw_ros2_rolling_final-instance', 'PS1': '\\[\\e]0;$(parse_ros_workspace)\\a\\]\\[\\e[1;32m\\]\\u\\[\\[\\e[0;37m\\]@\\[\\[\\e[0;33m\\]\\h\\[\\[\\e[1;33m\\]${text}\\[\\[\\e[0;37m\\]:\\[$(set_ros_workspace_color)\\]$(parse_ros_workspace)\\[\\[\\e[0;32m\\]$(parse_git_bracket)\\[$(set_git_color)\\]$(get_gitbranch)\\[\\e[0;32m\\]>\\[\\e[1;35m\\]\\W\\[\\[\\e[1;35m\\]$\\[\\[\\e[0m\\]\\[\\e[m\\]', 'TERMINAL_COLOR_RED': '\\e[0;31m', 'LC_MONETARY': 'de_DE.UTF-8', 'TERMINAL_BG_COLOR_CYAN': '\\e[46m', 'MANAGERPID': '2685', 'TERMINAL_BG_COLOR_LIGHT_BLUE': '\\e[1;44m', 'SYSTEMD_EXEC_PID': '87160', 'SSH_ASKPASS': '/usr/bin/ksshaskpass', 'GSM_SKIP_SSH_AGENT_WORKAROUND': 'true', 'TERMINAL_BG_COLOR_LIGHT_RED': '\\e[1;41m', 'DBUS_SESSION_BUS_ADDRESS': 'unix:path=/run/user/1003/bus', 'COLORTERM': 'truecolor', 'TERMINAL_COLOR_LIGHT_BLUE': '\\e[1;34m', 'TERMINAL_COLOR_CYAN': '\\e[0;36m', 'TERMINATOR_DBUS_NAME': 'net.tenshu.Terminator21a9d5db22c73a993ff0b42f64b396873', 'RAW_TERMINAL_COLOR_BROWN': '\x1b[0;33m', '_colcon_cd_root': '/opt/ros/rolling/', 'DEBUGINFOD_URLS': 'https://debuginfod.ubuntu.com', 'TERMINAL_COLOR_LIGHT_RED': '\\e[1;31m', 'TERMINAL_BG_COLOR_LIGHT_CYAN': '\\e[1;46m', 'RAW_TERMINAL_COLOR_PURPLE': '\x1b[0;35m', 'IM_CONFIG_PHASE': '1', 'COLCON_PREFIX_PATH': '/home/ravik/ros2_rolling/install', 'ROS_DISTRO': 'jazzy', 'TERMINAL_COLOR_NC': '\\e[0m', 'TERMINAL_COLOR_LIGHT_CYAN': '\\e[1;36m', 'LOGNAME': 'ravik', 'RosTeamWS_DISTRO': 'rolling', 'RosTeamWS_BASE_WS': 'None', 'QT_AUTO_SCREEN_SCALE_FACTOR': '0', 'JOURNAL_STREAM': '8:994474', '_': '/usr/bin/colcon', 'ROS_VERSION': '2', 'MEMORY_PRESSURE_WATCH': '/sys/fs/cgroup/user.slice/user-1003.slice/user@1003.service/session.slice/plasma-plasmashell.service/memory.pressure', 'XDG_SESSION_CLASS': 'user', 'RAW_TERMINAL_COLOR_LIGHT_PURPLE': '\x1b[1;35m', 'RAW_TERMINAL_COLOR_YELLOW': '\x1b[1;33m', 'TERMINAL_COLOR_USER_CONFIRMATION': '\\e[0;34m', 'TERMINAL_BG_COLOR_WHITE': '\\e[1;47m', 'TERMINAL_BG_COLOR_GRAY': '\\e[1;40m', 'TERM': 'xterm-256color', 'XDG_SESSION_ID': '3', 'RosTeamWS_STANDALONE': 'false', 'TERMINAL_COLOR_WHITE': '\\e[1;37m', 'GTK2_RC_FILES': '/etc/gtk-2.0/gtkrc:/home/ravik/.gtkrc-2.0:/home/ravik/.config/gtkrc-2.0', 'TERMINAL_COLOR_GRAY': '\\e[1;30m', 'PATH': '/home/ravik/ros2_rolling/install/generate_parameter_library_py/bin:/opt/ros/jazzy/bin:/home/ravik/.local/bin:/usr/local/sbin:/usr/local/bin:/usr/sbin:/usr/bin:/sbin:/bin:/usr/games:/usr/local/games:/snap/bin:/home/ravik/.local/bin', 'SESSION_MANAGER': 'local/sr-c1070:@/tmp/.ICE-unix/2983,unix/sr-c1070:/tmp/.ICE-unix/2983', 'RosTeamWS_WS_FOLDER': '/home/ravik/ros2_rolling', 'INVOCATION_ID': '33fa1ff811ae408b87353cc08984961e', 'TERMINAL_BG_COLOR_LIGHT_GRAY': '\\e[47m', 'PAPERSIZE': 'a4', 'TERMINAL_BG_COLOR_BLACK': '\\e[40m', 'XDG_SESSION_PATH': '/org/freedesktop/DisplayManager/Session3', 'LC_ADDRESS': 'de_DE.UTF-8', 'RosTeamWS_WS_DOCKER_SUPPORT': 'true', 'RosTeamWS_WS_NAME': 'ros2_rolling', 'XDG_RUNTIME_DIR': '/run/user/1003', 'XCURSOR_THEME': 'breeze_cursors', 'RTW_COLOR_NOTIFY_USER': '\\e[1;33m', 'TERMINAL_COLOR_LIGHT_GRAY': '\\e[0;37m', 'TERMINAL_COLOR_BLACK': '\\e[0;30m', 'DISPLAY': ':0', 'TERMINATOR_DBUS_PATH': '/net/tenshu/Terminator2', 'LANG': 'en_US.UTF-8', 'XDG_CURRENT_DESKTOP': 'KDE', 'LC_TELEPHONE': 'de_DE.UTF-8', 'TERMINAL_BG_COLOR_BROWN': '\\e[43m', 'XDG_SESSION_DESKTOP': 'KDE', 'XAUTHORITY': '/tmp/xauth_dHnPus', 'LS_COLORS': 'rs=0:di=01;34:ln=01;36:mh=00:pi=40;33:so=01;35:do=01;35:bd=40;33;01:cd=40;33;01:or=40;31;01:mi=00:su=37;41:sg=30;43:ca=00:tw=30;42:ow=34;42:st=37;44:ex=01;32:*.tar=01;31:*.tgz=01;31:*.arc=01;31:*.arj=01;31:*.taz=01;31:*.lha=01;31:*.lz4=01;31:*.lzh=01;31:*.lzma=01;31:*.tlz=01;31:*.txz=01;31:*.tzo=01;31:*.t7z=01;31:*.zip=01;31:*.z=01;31:*.dz=01;31:*.gz=01;31:*.lrz=01;31:*.lz=01;31:*.lzo=01;31:*.xz=01;31:*.zst=01;31:*.tzst=01;31:*.bz2=01;31:*.bz=01;31:*.tbz=01;31:*.tbz2=01;31:*.tz=01;31:*.deb=01;31:*.rpm=01;31:*.jar=01;31:*.war=01;31:*.ear=01;31:*.sar=01;31:*.rar=01;31:*.alz=01;31:*.ace=01;31:*.zoo=01;31:*.cpio=01;31:*.7z=01;31:*.rz=01;31:*.cab=01;31:*.wim=01;31:*.swm=01;31:*.dwm=01;31:*.esd=01;31:*.avif=01;35:*.jpg=01;35:*.jpeg=01;35:*.mjpg=01;35:*.mjpeg=01;35:*.gif=01;35:*.bmp=01;35:*.pbm=01;35:*.pgm=01;35:*.ppm=01;35:*.tga=01;35:*.xbm=01;35:*.xpm=01;35:*.tif=01;35:*.tiff=01;35:*.png=01;35:*.svg=01;35:*.svgz=01;35:*.mng=01;35:*.pcx=01;35:*.mov=01;35:*.mpg=01;35:*.mpeg=01;35:*.m2v=01;35:*.mkv=01;35:*.webm=01;35:*.webp=01;35:*.ogm=01;35:*.mp4=01;35:*.m4v=01;35:*.mp4v=01;35:*.vob=01;35:*.qt=01;35:*.nuv=01;35:*.wmv=01;35:*.asf=01;35:*.rm=01;35:*.rmvb=01;35:*.flc=01;35:*.avi=01;35:*.fli=01;35:*.flv=01;35:*.gl=01;35:*.dl=01;35:*.xcf=01;35:*.xwd=01;35:*.yuv=01;35:*.cgm=01;35:*.emf=01;35:*.ogv=01;35:*.ogx=01;35:*.aac=00;36:*.au=00;36:*.flac=00;36:*.m4a=00;36:*.mid=00;36:*.midi=00;36:*.mka=00;36:*.mp3=00;36:*.mpc=00;36:*.ogg=00;36:*.ra=00;36:*.wav=00;36:*.oga=00;36:*.opus=00;36:*.spx=00;36:*.xspf=00;36:*~=00;90:*#=00;90:*.bak=00;90:*.crdownload=00;90:*.dpkg-dist=00;90:*.dpkg-new=00;90:*.dpkg-old=00;90:*.dpkg-tmp=00;90:*.old=00;90:*.orig=00;90:*.part=00;90:*.rej=00;90:*.rpmnew=00;90:*.rpmorig=00;90:*.rpmsave=00;90:*.swp=00;90:*.tmp=00;90:*.ucf-dist=00;90:*.ucf-new=00;90:*.ucf-old=00;90:', 'SSH_AUTH_SOCK': '/tmp/ssh-FodI7qrVkUAk/agent.2721', 'ROS_DOMAIN_ID': '0', 'AMENT_PREFIX_PATH': '/home/ravik/ros2_rolling/install/mecanum_drive_controller:/home/ravik/ros2_rolling/install/generate_parameter_library_py:/home/ravik/ros2_rolling/install/ros2_controllers:/home/ravik/ros2_rolling/install/velocity_controllers:/home/ravik/ros2_rolling/install/tricycle_steering_controller:/home/ravik/ros2_rolling/install/tricycle_controller:/home/ravik/ros2_rolling/install/ros2_control:/home/ravik/ros2_rolling/install/transmission_interface:/home/ravik/ros2_rolling/install/bicycle_steering_controller:/home/ravik/ros2_rolling/install/ackermann_steering_controller:/home/ravik/ros2_rolling/install/steering_controllers_library:/home/ravik/ros2_rolling/install/rqt_joint_trajectory_controller:/home/ravik/ros2_rolling/install/rqt_controller_manager:/home/ravik/ros2_rolling/install/ros2controlcli:/home/ravik/ros2_rolling/install/ros2_controllers_test_nodes:/home/ravik/ros2_rolling/install/hardware_interface_testing:/home/ravik/ros2_rolling/install/controller_manager:/home/ravik/ros2_rolling/install/ros2_control_test_assets:/home/ravik/ros2_rolling/install/range_sensor_broadcaster:/home/ravik/ros2_rolling/install/position_controllers:/home/ravik/ros2_rolling/install/pose_broadcaster:/home/ravik/ros2_rolling/install/pid_controller:/home/ravik/ros2_rolling/install/parallel_gripper_controller:/home/ravik/ros2_rolling/install/admittance_controller:/home/ravik/ros2_rolling/install/joint_trajectory_controller:/home/ravik/ros2_rolling/install/joint_state_broadcaster:/home/ravik/ros2_rolling/install/imu_sensor_broadcaster:/home/ravik/ros2_rolling/install/gripper_controllers:/home/ravik/ros2_rolling/install/effort_controllers:/home/ravik/ros2_rolling/install/forward_command_controller:/home/ravik/ros2_rolling/install/force_torque_sensor_broadcaster:/home/ravik/ros2_rolling/install/diff_drive_controller:/home/ravik/ros2_rolling/install/controller_interface:/home/ravik/ros2_rolling/install/hardware_interface:/home/ravik/ros2_rolling/install/joint_limits:/home/ravik/ros2_rolling/install/control_toolbox:/home/ravik/ros2_rolling/install/realtime_tools:/home/ravik/ros2_rolling/install/generate_parameter_module_example:/home/ravik/ros2_rolling/install/generate_parameter_library_example:/home/ravik/ros2_rolling/install/cmake_generate_parameter_module_example:/home/ravik/ros2_rolling/install/generate_parameter_library:/home/ravik/ros2_rolling/install/parameter_traits:/home/ravik/ros2_rolling/install/kinematics_interface_kdl:/home/ravik/ros2_rolling/install/kinematics_interface:/home/ravik/ros2_rolling/install/controller_manager_msgs:/home/ravik/ros2_rolling/install/control_msgs:/opt/ros/jazzy', 'SHELL': '/bin/bash', 'LC_NAME': 'de_DE.UTF-8', 'TERMINATOR_UUID': 'urn:uuid:48fa9c58-ed9c-41f7-aa98-d9f7700fc990', 'TERMINAL_COLOR_BROWN': '\\e[0;33m', 'TERMINAL_BG_COLOR_PURPLE': '\\e[45m', 'ROS_WS': '/home/ravik/ros2_rolling', 'QT_ACCESSIBILITY': '1', 'COLCON_WS': '/home/ravik/ros2_rolling', 'RAW_TERMINAL_COLOR_GREEN': '\x1b[0;32m', 'RosTeamWS_DOCKER_TAG': 'rtw_ros2_rolling_final', 'LESSCLOSE': '/usr/bin/lesspipe %s %s', 'TERMINAL_COLOR_PURPLE': '\\e[0;35m', 'TERMINAL_BG_COLOR_LIGHT_PURPLE': '\\e[1;45m', 'LC_MEASUREMENT': 'de_DE.UTF-8', 'RAW_TERMINAL_COLOR_LIGHT_GREEN': '\x1b[1;32m', 'TERMINAL_COLOR_USER_NOTICE': '\\e[1;33m', 'TERMINAL_BG_COLOR_YELLOW': '\\e[1;43m', 'GPG_AGENT_INFO': '/run/user/1003/gnupg/S.gpg-agent:0:1', 'LC_IDENTIFICATION': 'de_DE.UTF-8', 'ROS_AUTOMATIC_DISCOVERY_RANGE': 'LOCALHOST', 'XDG_VTNR': '2', 'TERMINAL_COLOR_LIGHT_PURPLE': '\\e[1;35m', 'TERMINAL_COLOR_YELLOW': '\\e[1;33m', 'PWD': '/home/ravik/ros2_rolling/build/mecanum_drive_controller', 'RAW_TERMINAL_COLOR_BLUE': '\x1b[0;34m', 'LC_ALL': 'en_US.UTF-8', 'XDG_CONFIG_DIRS': '/home/ravik/.config/kdedefaults:/etc/xdg/xdg-plasma:/etc/xdg:/usr/share/kubuntu-default-settings/kf5-settings', 'RAW_TERMINAL_COLOR_RED': '\x1b[0;31m', 'RCUTILS_COLORIZED_OUTPUT': '1', 'XDG_DATA_DIRS': '/usr/share/plasma:/usr/local/share:/usr/share:/var/lib/snapd/desktop', 'QTWEBENGINE_DICTIONARIES_PATH': '/usr/share/hunspell-bdic/', 'PYTHONPATH': '/home/ravik/ros2_rolling/install/controller_manager/lib/python3.12/site-packages:/home/ravik/ros2_rolling/build/generate_parameter_library_py:/home/ravik/ros2_rolling/install/generate_parameter_library_py/lib/python3.12/site-packages:/home/ravik/ros2_rolling/install/controller_manager_msgs/lib/python3.12/site-packages:/home/ravik/ros2_rolling/install/control_msgs/lib/python3.12/site-packages:/home/ravik/ros2_rolling/build/rqt_joint_trajectory_controller:/home/ravik/ros2_rolling/install/rqt_joint_trajectory_controller/lib/python3.12/site-packages:/home/ravik/ros2_rolling/build/rqt_controller_manager:/home/ravik/ros2_rolling/install/rqt_controller_manager/lib/python3.12/site-packages:/home/ravik/ros2_rolling/build/ros2controlcli:/home/ravik/ros2_rolling/install/ros2controlcli/lib/python3.12/site-packages:/home/ravik/ros2_rolling/build/ros2_controllers_test_nodes:/home/ravik/ros2_rolling/install/ros2_controllers_test_nodes/lib/python3.12/site-packages:/home/ravik/ros2_rolling/build/generate_parameter_module_example:/home/ravik/ros2_rolling/install/generate_parameter_module_example/lib/python3.12/site-packages:/home/ravik/ros2_rolling/install/cmake_generate_parameter_module_example/lib/python3.12/site-packages:/opt/ros/jazzy/lib/python3.12/site-packages', 'LC_NUMERIC': 'de_DE.UTF-8', 'LC_PAPER': 'de_DE.UTF-8', 'KDE_SESSION_UID': '1003', 'RAW_TERMINAL_COLOR_CYAN': '\x1b[0;36m', 'RAW_TERMINAL_COLOR_LIGHT_BLUE': '\x1b[1;34m', 'RTW_COLOR_ERROR': '\\e[0;31m', 'COLCON': '1', 'MEMORY_PRESSURE_WRITE': 'c29tZSAyMDAwMDAgMjAwMDAwMAA=', 'VTE_VERSION': '7600', 'RAW_TERMINAL_COLOR_LIGHT_RED': '\x1b[1;31m', 'CMAKE_PREFIX_PATH': '/home/ravik/ros2_rolling/install/mecanum_drive_controller:/home/ravik/ros2_rolling/install/controller_manager:/home/ravik/ros2_rolling/install/hardware_interface_testing:/home/ravik/ros2_rolling/install/controller_interface:/home/ravik/ros2_rolling/install/hardware_interface:/home/ravik/ros2_rolling/install/joint_limits:/home/ravik/ros2_rolling/install/generate_parameter_library:/home/ravik/ros2_rolling/install/ros2_control_test_assets:/home/ravik/ros2_rolling/install/realtime_tools:/home/ravik/ros2_rolling/install/parameter_traits:/home/ravik/ros2_rolling/install/controller_manager_msgs:/home/ravik/ros2_rolling/install/control_msgs:/home/ravik/ros2_rolling/install/ros2_controllers:/home/ravik/ros2_rolling/install/velocity_controllers:/home/ravik/ros2_rolling/install/tricycle_steering_controller:/home/ravik/ros2_rolling/install/tricycle_controller:/home/ravik/ros2_rolling/install/ros2_control:/home/ravik/ros2_rolling/install/transmission_interface:/home/ravik/ros2_rolling/install/bicycle_steering_controller:/home/ravik/ros2_rolling/install/ackermann_steering_controller:/home/ravik/ros2_rolling/install/steering_controllers_library:/home/ravik/ros2_rolling/install/range_sensor_broadcaster:/home/ravik/ros2_rolling/install/position_controllers:/home/ravik/ros2_rolling/install/pose_broadcaster:/home/ravik/ros2_rolling/install/pid_controller:/home/ravik/ros2_rolling/install/parallel_gripper_controller:/home/ravik/ros2_rolling/install/admittance_controller:/home/ravik/ros2_rolling/install/joint_trajectory_controller:/home/ravik/ros2_rolling/install/joint_state_broadcaster:/home/ravik/ros2_rolling/install/imu_sensor_broadcaster:/home/ravik/ros2_rolling/install/gripper_controllers:/home/ravik/ros2_rolling/install/effort_controllers:/home/ravik/ros2_rolling/install/forward_command_controller:/home/ravik/ros2_rolling/install/force_torque_sensor_broadcaster:/home/ravik/ros2_rolling/install/diff_drive_controller:/home/ravik/ros2_rolling/install/control_toolbox:/home/ravik/ros2_rolling/install/generate_parameter_library_example:/home/ravik/ros2_rolling/install/cmake_generate_parameter_module_example:/home/ravik/ros2_rolling/install/kinematics_interface_kdl:/home/ravik/ros2_rolling/install/kinematics_interface:/opt/ros/jazzy/opt/gz_math_vendor:/opt/ros/jazzy/opt/gz_utils_vendor:/opt/ros/jazzy/opt/gz_cmake_vendor', 'RAW_TERMINAL_COLOR_NC': '\x1b[0m'}), 'shell': False}
[0.062933] (mecanum_drive_controller) StdoutLine: {'line': b'UpdateCTestConfiguration  from :/home/ravik/ros2_rolling/build/mecanum_drive_controller/CTestConfiguration.ini\n'}
[0.063368] (mecanum_drive_controller) StdoutLine: {'line': b'Parse Config file:/home/ravik/ros2_rolling/build/mecanum_drive_controller/CTestConfiguration.ini\n'}
[0.063503] (mecanum_drive_controller) StdoutLine: {'line': b'   Site: sr-c1070\n'}
[0.063582] (mecanum_drive_controller) StdoutLine: {'line': b'   Build name: (empty)\n'}
[0.063797] (mecanum_drive_controller) StdoutLine: {'line': b' Add coverage exclude regular expressions.\n'}
[0.063961] (mecanum_drive_controller) StdoutLine: {'line': b'Create new tag: 20241108-1258 - Experimental\n'}
[0.064042] (mecanum_drive_controller) StdoutLine: {'line': b'UpdateCTestConfiguration  from :/home/ravik/ros2_rolling/build/mecanum_drive_controller/CTestConfiguration.ini\n'}
[0.064195] (mecanum_drive_controller) StdoutLine: {'line': b'Parse Config file:/home/ravik/ros2_rolling/build/mecanum_drive_controller/CTestConfiguration.ini\n'}
[0.064476] (mecanum_drive_controller) StdoutLine: {'line': b'Test project /home/ravik/ros2_rolling/build/mecanum_drive_controller\n'}
[0.064556] (mecanum_drive_controller) StdoutLine: {'line': b'Constructing a list of tests\n'}
[0.064621] (mecanum_drive_controller) StdoutLine: {'line': b'Done constructing a list of tests\n'}
[0.064690] (mecanum_drive_controller) StdoutLine: {'line': b'Updating test list for fixtures\n'}
[0.064752] (mecanum_drive_controller) StdoutLine: {'line': b'Added 0 tests to meet fixture requirements\n'}
[0.064813] (mecanum_drive_controller) StdoutLine: {'line': b'Checking test dependency graph...\n'}
[0.064875] (mecanum_drive_controller) StdoutLine: {'line': b'Checking test dependency graph end\n'}
[0.064938] (mecanum_drive_controller) StdoutLine: {'line': b'test 1\n'}
[0.065011] (mecanum_drive_controller) StdoutLine: {'line': b'    Start 1: test_load_mecanum_drive_controller\n'}
[0.065085] (mecanum_drive_controller) StdoutLine: {'line': b'\n'}
[0.065145] (mecanum_drive_controller) StdoutLine: {'line': b'1: Test command: /usr/bin/python3 "-u" "/opt/ros/jazzy/share/ament_cmake_test/cmake/run_test.py" "/home/ravik/ros2_rolling/build/mecanum_drive_controller/test_results/mecanum_drive_controller/test_load_mecanum_drive_controller.gtest.xml" "--package-name" "mecanum_drive_controller" "--output-file" "/home/ravik/ros2_rolling/build/mecanum_drive_controller/test_results/mecanum_drive_controller/test_load_mecanum_drive_controller.txt" "--command" "/home/ravik/ros2_rolling/build/mecanum_drive_controller/test_load_mecanum_drive_controller" "--ros-args" "--params-file" "/home/ravik/ros2_rolling/ros2_controllers/mecanum_drive_controller/test/mecanum_drive_controller_params.yaml" "--" "--gtest_output=xml:/home/ravik/ros2_rolling/build/mecanum_drive_controller/test_results/mecanum_drive_controller/test_load_mecanum_drive_controller.gtest.xml"\n'}
[0.065206] (mecanum_drive_controller) StdoutLine: {'line': b'1: Working Directory: /home/ravik/ros2_rolling/build/mecanum_drive_controller\n'}
[0.065257] (mecanum_drive_controller) StdoutLine: {'line': b'1: Test timeout computed to be: 60\n'}
[0.099545] (-) TimerEvent: {}
[0.119395] (mecanum_drive_controller) StdoutLine: {'line': b"1: -- run_test.py: invoking following command in '/home/ravik/ros2_rolling/build/mecanum_drive_controller':\n"}
[0.119521] (mecanum_drive_controller) StdoutLine: {'line': b'1:  - /home/ravik/ros2_rolling/build/mecanum_drive_controller/test_load_mecanum_drive_controller --ros-args --params-file /home/ravik/ros2_rolling/ros2_controllers/mecanum_drive_controller/test/mecanum_drive_controller_params.yaml -- --gtest_output=xml:/home/ravik/ros2_rolling/build/mecanum_drive_controller/test_results/mecanum_drive_controller/test_load_mecanum_drive_controller.gtest.xml\n'}
[0.141861] (mecanum_drive_controller) StdoutLine: {'line': b'1: [==========] Running 1 test from 1 test suite.\n'}
[0.141984] (mecanum_drive_controller) StdoutLine: {'line': b'1: [----------] Global test environment set-up.\n'}
[0.142035] (mecanum_drive_controller) StdoutLine: {'line': b'1: [----------] 1 test from TestLoadMecanumDriveController\n'}
[0.142092] (mecanum_drive_controller) StdoutLine: {'line': b'1: [ RUN      ] TestLoadMecanumDriveController.load_controller\n'}
[0.160703] (mecanum_drive_controller) StdoutLine: {'line': b'1: unknown file: Failure\n'}
[0.160823] (mecanum_drive_controller) StdoutLine: {'line': b'1: C++ exception with description "Failed to load library /opt/ros/jazzy/lib/libsdformat_urdf_plugin.so. Make sure that you are calling the PLUGINLIB_EXPORT_CLASS macro in the library code, and that names are consistent between this macro and your XML. Error string: Could not load library dlopen error: libsdformat14.so.14: cannot open shared object file: No such file or directory, at ./src/shared_library.c:99" thrown in the test body.\n'}
[0.160885] (mecanum_drive_controller) StdoutLine: {'line': b'1: \n'}
[0.160928] (mecanum_drive_controller) StdoutLine: {'line': b'1: [  FAILED  ] TestLoadMecanumDriveController.load_controller (18 ms)\n'}
[0.160968] (mecanum_drive_controller) StdoutLine: {'line': b'1: [----------] 1 test from TestLoadMecanumDriveController (18 ms total)\n'}
[0.161008] (mecanum_drive_controller) StdoutLine: {'line': b'1: \n'}
[0.161047] (mecanum_drive_controller) StdoutLine: {'line': b'1: [----------] Global test environment tear-down\n'}
[0.161099] (mecanum_drive_controller) StdoutLine: {'line': b'1: [==========] 1 test from 1 test suite ran. (18 ms total)\n'}
[0.161145] (mecanum_drive_controller) StdoutLine: {'line': b'1: [  PASSED  ] 0 tests.\n'}
[0.161185] (mecanum_drive_controller) StdoutLine: {'line': b'1: [  FAILED  ] 1 test, listed below:\n'}
[0.161225] (mecanum_drive_controller) StdoutLine: {'line': b'1: [  FAILED  ] TestLoadMecanumDriveController.load_controller\n'}
[0.161260] (mecanum_drive_controller) StdoutLine: {'line': b'1: \n'}
[0.161298] (mecanum_drive_controller) StdoutLine: {'line': b'1:  1 FAILED TEST\n'}
[0.199688] (-) TimerEvent: {}
[0.267822] (mecanum_drive_controller) StdoutLine: {'line': b'1: -- run_test.py: return code 1\n'}
[0.268131] (mecanum_drive_controller) StdoutLine: {'line': b"1: -- run_test.py: inject classname prefix into gtest result file '/home/ravik/ros2_rolling/build/mecanum_drive_controller/test_results/mecanum_drive_controller/test_load_mecanum_drive_controller.gtest.xml'\n"}
[0.268238] (mecanum_drive_controller) StdoutLine: {'line': b"1: -- run_test.py: verify result file '/home/ravik/ros2_rolling/build/mecanum_drive_controller/test_results/mecanum_drive_controller/test_load_mecanum_drive_controller.gtest.xml'\n"}
[0.278637] (mecanum_drive_controller) StdoutLine: {'line': b'1/3 Test #1: test_load_mecanum_drive_controller .........***Failed    0.21 sec\n'}
[0.278740] (mecanum_drive_controller) StdoutLine: {'line': b'test 2\n'}
[0.278784] (mecanum_drive_controller) StdoutLine: {'line': b'    Start 2: test_mecanum_drive_controller\n'}
[0.278822] (mecanum_drive_controller) StdoutLine: {'line': b'\n'}
[0.278861] (mecanum_drive_controller) StdoutLine: {'line': b'2: Test command: /usr/bin/python3 "-u" "/opt/ros/jazzy/share/ament_cmake_test/cmake/run_test.py" "/home/ravik/ros2_rolling/build/mecanum_drive_controller/test_results/mecanum_drive_controller/test_mecanum_drive_controller.gtest.xml" "--package-name" "mecanum_drive_controller" "--output-file" "/home/ravik/ros2_rolling/build/mecanum_drive_controller/test_results/mecanum_drive_controller/test_mecanum_drive_controller.txt" "--command" "/home/ravik/ros2_rolling/build/mecanum_drive_controller/test_mecanum_drive_controller" "--ros-args" "--params-file" "/home/ravik/ros2_rolling/ros2_controllers/mecanum_drive_controller/test/mecanum_drive_controller_params.yaml" "--" "--gtest_output=xml:/home/ravik/ros2_rolling/build/mecanum_drive_controller/test_results/mecanum_drive_controller/test_mecanum_drive_controller.gtest.xml"\n'}
[0.278918] (mecanum_drive_controller) StdoutLine: {'line': b'2: Working Directory: /home/ravik/ros2_rolling/build/mecanum_drive_controller\n'}
[0.278954] (mecanum_drive_controller) StdoutLine: {'line': b'2: Test timeout computed to be: 60\n'}
[0.299846] (-) TimerEvent: {}
[0.336715] (mecanum_drive_controller) StdoutLine: {'line': b"2: -- run_test.py: invoking following command in '/home/ravik/ros2_rolling/build/mecanum_drive_controller':\n"}
[0.336841] (mecanum_drive_controller) StdoutLine: {'line': b'2:  - /home/ravik/ros2_rolling/build/mecanum_drive_controller/test_mecanum_drive_controller --ros-args --params-file /home/ravik/ros2_rolling/ros2_controllers/mecanum_drive_controller/test/mecanum_drive_controller_params.yaml -- --gtest_output=xml:/home/ravik/ros2_rolling/build/mecanum_drive_controller/test_results/mecanum_drive_controller/test_mecanum_drive_controller.gtest.xml\n'}
[0.355368] (mecanum_drive_controller) StdoutLine: {'line': b'2: [==========] Running 15 tests from 1 test suite.\n'}
[0.355480] (mecanum_drive_controller) StdoutLine: {'line': b'2: [----------] Global test environment set-up.\n'}
[0.355523] (mecanum_drive_controller) StdoutLine: {'line': b'2: [----------] 15 tests from MecanumDriveControllerTest\n'}
[0.355561] (mecanum_drive_controller) StdoutLine: {'line': b'2: [ RUN      ] MecanumDriveControllerTest.when_controller_is_configured_expect_all_parameters_set\n'}
[0.382215] (mecanum_drive_controller) StdoutLine: {'line': b'2: \x1b[0m[INFO] [1731070685.488782149] [test_mecanum_drive_controller]: configure successful\x1b[0m\n'}
[0.390173] (mecanum_drive_controller) StdoutLine: {'line': b'2: [       OK ] MecanumDriveControllerTest.when_controller_is_configured_expect_all_parameters_set (34 ms)\n'}
[0.390272] (mecanum_drive_controller) StdoutLine: {'line': b'2: [ RUN      ] MecanumDriveControllerTest.when_controller_configured_expect_properly_exported_interfaces\n'}
[0.397898] (mecanum_drive_controller) StdoutLine: {'line': b'2: \x1b[0m[INFO] [1731070685.504605439] [test_mecanum_drive_controller]: configure successful\x1b[0m\n'}
[0.400015] (-) TimerEvent: {}
[0.404776] (mecanum_drive_controller) StdoutLine: {'line': b'2: [       OK ] MecanumDriveControllerTest.when_controller_configured_expect_properly_exported_interfaces (14 ms)\n'}
[0.404873] (mecanum_drive_controller) StdoutLine: {'line': b'2: [ RUN      ] MecanumDriveControllerTest.when_controller_is_activated_expect_reference_reset\n'}
[0.410871] (mecanum_drive_controller) StdoutLine: {'line': b'2: \x1b[0m[INFO] [1731070685.517563441] [test_mecanum_drive_controller]: configure successful\x1b[0m\n'}
[0.416617] (mecanum_drive_controller) StdoutLine: {'line': b'2: [       OK ] MecanumDriveControllerTest.when_controller_is_activated_expect_reference_reset (11 ms)\n'}
[0.416713] (mecanum_drive_controller) StdoutLine: {'line': b'2: [ RUN      ] MecanumDriveControllerTest.when_controller_active_and_update_called_expect_success\n'}
[0.422668] (mecanum_drive_controller) StdoutLine: {'line': b'2: \x1b[0m[INFO] [1731070685.529415654] [test_mecanum_drive_controller]: configure successful\x1b[0m\n'}
[0.428385] (mecanum_drive_controller) StdoutLine: {'line': b'2: [       OK ] MecanumDriveControllerTest.when_controller_active_and_update_called_expect_success (11 ms)\n'}
[0.428482] (mecanum_drive_controller) StdoutLine: {'line': b'2: [ RUN      ] MecanumDriveControllerTest.when_active_controller_is_deactivated_expect_success\n'}
[0.434424] (mecanum_drive_controller) StdoutLine: {'line': b'2: \x1b[0m[INFO] [1731070685.541284978] [test_mecanum_drive_controller]: configure successful\x1b[0m\n'}
[0.440336] (mecanum_drive_controller) StdoutLine: {'line': b'2: [       OK ] MecanumDriveControllerTest.when_active_controller_is_deactivated_expect_success (11 ms)\n'}
[0.440436] (mecanum_drive_controller) StdoutLine: {'line': b'2: [ RUN      ] MecanumDriveControllerTest.when_controller_is_reactivated_expect_cmd_itfs_not_set_and_update_success\n'}
[0.446325] (mecanum_drive_controller) StdoutLine: {'line': b'2: \x1b[0m[INFO] [1731070685.553139269] [test_mecanum_drive_controller]: configure successful\x1b[0m\n'}
[0.451470] (mecanum_drive_controller) StdoutLine: {'line': b'2: [       OK ] MecanumDriveControllerTest.when_controller_is_reactivated_expect_cmd_itfs_not_set_and_update_success (11 ms)\n'}
[0.451566] (mecanum_drive_controller) StdoutLine: {'line': b'2: [ RUN      ] MecanumDriveControllerTest.when_update_is_called_expect_status_message\n'}
[0.457616] (mecanum_drive_controller) StdoutLine: {'line': b'2: \x1b[0m[INFO] [1731070685.564395114] [test_mecanum_drive_controller]: configure successful\x1b[0m\n'}
[0.466790] (mecanum_drive_controller) StdoutLine: {'line': b'2: [       OK ] MecanumDriveControllerTest.when_update_is_called_expect_status_message (15 ms)\n'}
[0.466889] (mecanum_drive_controller) StdoutLine: {'line': b'2: [ RUN      ] MecanumDriveControllerTest.when_reference_msg_received_expect_updated_commands_and_status_message\n'}
[0.473208] (mecanum_drive_controller) StdoutLine: {'line': b'2: \x1b[0m[INFO] [1731070685.579901054] [test_mecanum_drive_controller]: configure successful\x1b[0m\n'}
[0.500198] (-) TimerEvent: {}
[0.600385] (-) TimerEvent: {}
[0.700623] (-) TimerEvent: {}
[0.801026] (-) TimerEvent: {}
[0.901345] (-) TimerEvent: {}
[0.976491] (mecanum_drive_controller) StdoutLine: {'line': b'2: /home/ravik/ros2_rolling/ros2_controllers/mecanum_drive_controller/test/test_mecanum_drive_controller.cpp:235: Failure\n'}
[0.976643] (mecanum_drive_controller) StdoutLine: {'line': b'2: Expected equality of these values:\n'}
[0.976686] (mecanum_drive_controller) StdoutLine: {'line': b'2:   joint_command_values_[1]\n'}
[0.976723] (mecanum_drive_controller) StdoutLine: {'line': b'2:     Which is: 0\n'}
[0.976759] (mecanum_drive_controller) StdoutLine: {'line': b'2:   3.0\n'}
[0.976794] (mecanum_drive_controller) StdoutLine: {'line': b'2:     Which is: 3\n'}
[0.976827] (mecanum_drive_controller) StdoutLine: {'line': b'2: \n'}
[0.979686] (mecanum_drive_controller) StdoutLine: {'line': b'2: /home/ravik/ros2_rolling/ros2_controllers/mecanum_drive_controller/test/test_mecanum_drive_controller.cpp:239: Failure\n'}
[0.979797] (mecanum_drive_controller) StdoutLine: {'line': b'2: Expected equality of these values:\n'}
[0.979839] (mecanum_drive_controller) StdoutLine: {'line': b'2:   msg.reference_velocity.linear.x\n'}
[0.979874] (mecanum_drive_controller) StdoutLine: {'line': b'2:     Which is: nan\n'}
[0.979909] (mecanum_drive_controller) StdoutLine: {'line': b'2:   1.5\n'}
[0.979942] (mecanum_drive_controller) StdoutLine: {'line': b'2: \n'}
[0.985369] (mecanum_drive_controller) StdoutLine: {'line': b'2: [  FAILED  ] MecanumDriveControllerTest.when_reference_msg_received_expect_updated_commands_and_status_message (518 ms)\n'}
[0.985465] (mecanum_drive_controller) StdoutLine: {'line': b'2: [ RUN      ] MecanumDriveControllerTest.when_reference_msg_is_too_old_expect_unset_reference\n'}
[0.996328] (mecanum_drive_controller) StdoutLine: {'line': b'2: \x1b[0m[INFO] [1731070686.102995823] [test_mecanum_drive_controller]: configure successful\x1b[0m\n'}
[0.996434] (mecanum_drive_controller) StdoutLine: {'line': b'2: \x1b[31m[ERROR] [1731070686.103116594] [test_mecanum_drive_controller]: Received message has timestamp 1731070685.9030251503 older for 0.2000877690 which is more then allowed timeout (0.1000).\x1b[0m\n'}
[1.001409] (-) TimerEvent: {}
[1.101614] (-) TimerEvent: {}
[1.201982] (-) TimerEvent: {}
[1.302414] (-) TimerEvent: {}
[1.402849] (-) TimerEvent: {}
[1.503265] (-) TimerEvent: {}
[1.512376] (mecanum_drive_controller) StdoutLine: {'line': b'2: [       OK ] MecanumDriveControllerTest.when_reference_msg_is_too_old_expect_unset_reference (526 ms)\n'}
[1.512552] (mecanum_drive_controller) StdoutLine: {'line': b'2: [ RUN      ] MecanumDriveControllerTest.when_reference_msg_has_timestamp_zero_expect_reference_set_and_timestamp_set_to_current_time\n'}
[1.521383] (mecanum_drive_controller) StdoutLine: {'line': b'2: \x1b[0m[INFO] [1731070686.628118721] [test_mecanum_drive_controller]: configure successful\x1b[0m\n'}
[1.521509] (mecanum_drive_controller) StdoutLine: {'line': b'2: \x1b[33m[WARN] [1731070686.628278427] [test_mecanum_drive_controller]: Timestamp in header is missing, using current time as command timestamp.\x1b[0m\n'}
[1.603343] (-) TimerEvent: {}
[1.703621] (-) TimerEvent: {}
[1.804002] (-) TimerEvent: {}
[1.904322] (-) TimerEvent: {}
[2.004707] (-) TimerEvent: {}
[2.036435] (mecanum_drive_controller) StdoutLine: {'line': b'2: [       OK ] MecanumDriveControllerTest.when_reference_msg_has_timestamp_zero_expect_reference_set_and_timestamp_set_to_current_time (523 ms)\n'}
[2.036669] (mecanum_drive_controller) StdoutLine: {'line': b'2: [ RUN      ] MecanumDriveControllerTest.when_message_has_valid_timestamp_expect_reference_set\n'}
[2.052747] (mecanum_drive_controller) StdoutLine: {'line': b'2: \x1b[0m[INFO] [1731070687.159293135] [test_mecanum_drive_controller]: configure successful\x1b[0m\n'}
[2.104875] (-) TimerEvent: {}
[2.205257] (-) TimerEvent: {}
[2.305687] (-) TimerEvent: {}
[2.406117] (-) TimerEvent: {}
[2.506464] (-) TimerEvent: {}
[2.566903] (mecanum_drive_controller) StdoutLine: {'line': b'2: [       OK ] MecanumDriveControllerTest.when_message_has_valid_timestamp_expect_reference_set (530 ms)\n'}
[2.567131] (mecanum_drive_controller) StdoutLine: {'line': b'2: [ RUN      ] MecanumDriveControllerTest.when_ref_msg_old_expect_cmnd_itfs_set_to_zero_otherwise_to_valid_cmnds\n'}
[2.578661] (mecanum_drive_controller) StdoutLine: {'line': b'2: \x1b[0m[INFO] [1731070687.685399608] [test_mecanum_drive_controller]: configure successful\x1b[0m\n'}
[2.585065] (mecanum_drive_controller) StdoutLine: {'line': b'2: [       OK ] MecanumDriveControllerTest.when_ref_msg_old_expect_cmnd_itfs_set_to_zero_otherwise_to_valid_cmnds (18 ms)\n'}
[2.585129] (mecanum_drive_controller) StdoutLine: {'line': b'2: [ RUN      ] MecanumDriveControllerTest.when_controller_in_chainable_mode_expect_receiving_commands_from_reference_interfaces_directly\n'}
[2.594609] (mecanum_drive_controller) StdoutLine: {'line': b'2: \x1b[0m[INFO] [1731070687.701383197] [test_mecanum_drive_controller]: configure successful\x1b[0m\n'}
[2.601740] (mecanum_drive_controller) StdoutLine: {'line': b'2: [       OK ] MecanumDriveControllerTest.when_controller_in_chainable_mode_expect_receiving_commands_from_reference_interfaces_directly (16 ms)\n'}
[2.601836] (mecanum_drive_controller) StdoutLine: {'line': b'2: [ RUN      ] MecanumDriveControllerTest.when_reference_timeout_is_zero_expect_reference_msg_being_used_only_once\n'}
[2.606562] (-) TimerEvent: {}
[2.611901] (mecanum_drive_controller) StdoutLine: {'line': b'2: \x1b[0m[INFO] [1731070687.718658483] [test_mecanum_drive_controller]: configure successful\x1b[0m\n'}
[2.618747] (mecanum_drive_controller) StdoutLine: {'line': b'2: [       OK ] MecanumDriveControllerTest.when_reference_timeout_is_zero_expect_reference_msg_being_used_only_once (16 ms)\n'}
[2.618843] (mecanum_drive_controller) StdoutLine: {'line': b'2: [ RUN      ] MecanumDriveControllerTest.when_ref_timeout_zero_for_reference_callback_expect_reference_msg_being_used_only_once\n'}
[2.632003] (mecanum_drive_controller) StdoutLine: {'line': b'2: \x1b[0m[INFO] [1731070687.738654267] [test_mecanum_drive_controller]: configure successful\x1b[0m\n'}
[2.706686] (-) TimerEvent: {}
[2.807045] (-) TimerEvent: {}
[2.907399] (-) TimerEvent: {}
[3.007775] (-) TimerEvent: {}
[3.108283] (-) TimerEvent: {}
[3.152371] (mecanum_drive_controller) StdoutLine: {'line': b'2: [       OK ] MecanumDriveControllerTest.when_ref_timeout_zero_for_reference_callback_expect_reference_msg_being_used_only_once (533 ms)\n'}
[3.152577] (mecanum_drive_controller) StdoutLine: {'line': b'2: [----------] 15 tests from MecanumDriveControllerTest (2796 ms total)\n'}
[3.152644] (mecanum_drive_controller) StdoutLine: {'line': b'2: \n'}
[3.152703] (mecanum_drive_controller) StdoutLine: {'line': b'2: [----------] Global test environment tear-down\n'}
[3.153040] (mecanum_drive_controller) StdoutLine: {'line': b'2: [==========] 15 tests from 1 test suite ran. (2796 ms total)\n'}
[3.153203] (mecanum_drive_controller) StdoutLine: {'line': b'2: [  PASSED  ] 14 tests.\n'}
[3.153270] (mecanum_drive_controller) StdoutLine: {'line': b'2: [  FAILED  ] 1 test, listed below:\n'}
[3.153327] (mecanum_drive_controller) StdoutLine: {'line': b'2: [  FAILED  ] MecanumDriveControllerTest.when_reference_msg_received_expect_updated_commands_and_status_message\n'}
[3.153386] (mecanum_drive_controller) StdoutLine: {'line': b'2: \n'}
[3.153439] (mecanum_drive_controller) StdoutLine: {'line': b'2:  1 FAILED TEST\n'}
[3.208575] (-) TimerEvent: {}
[3.262105] (mecanum_drive_controller) StdoutLine: {'line': b'2: -- run_test.py: return code 1\n'}
[3.262431] (mecanum_drive_controller) StdoutLine: {'line': b"2: -- run_test.py: inject classname prefix into gtest result file '/home/ravik/ros2_rolling/build/mecanum_drive_controller/test_results/mecanum_drive_controller/test_mecanum_drive_controller.gtest.xml'\n"}
[3.262758] (mecanum_drive_controller) StdoutLine: {'line': b"2: -- run_test.py: verify result file '/home/ravik/ros2_rolling/build/mecanum_drive_controller/test_results/mecanum_drive_controller/test_mecanum_drive_controller.gtest.xml'\n"}
[3.275050] (mecanum_drive_controller) StdoutLine: {'line': b'2/3 Test #2: test_mecanum_drive_controller ..............***Failed    3.00 sec\n'}
[3.275371] (mecanum_drive_controller) StdoutLine: {'line': b'test 3\n'}
[3.275516] (mecanum_drive_controller) StdoutLine: {'line': b'    Start 3: test_mecanum_drive_controller_preceeding\n'}
[3.275652] (mecanum_drive_controller) StdoutLine: {'line': b'\n'}
[3.275787] (mecanum_drive_controller) StdoutLine: {'line': b'3: Test command: /usr/bin/python3 "-u" "/opt/ros/jazzy/share/ament_cmake_test/cmake/run_test.py" "/home/ravik/ros2_rolling/build/mecanum_drive_controller/test_results/mecanum_drive_controller/test_mecanum_drive_controller_preceeding.gtest.xml" "--package-name" "mecanum_drive_controller" "--output-file" "/home/ravik/ros2_rolling/build/mecanum_drive_controller/test_results/mecanum_drive_controller/test_mecanum_drive_controller_preceeding.txt" "--command" "/home/ravik/ros2_rolling/build/mecanum_drive_controller/test_mecanum_drive_controller_preceeding" "--ros-args" "--params-file" "/home/ravik/ros2_rolling/ros2_controllers/mecanum_drive_controller/test/mecanum_drive_controller_preceeding_params.yaml" "--" "--gtest_output=xml:/home/ravik/ros2_rolling/build/mecanum_drive_controller/test_results/mecanum_drive_controller/test_mecanum_drive_controller_preceeding.gtest.xml"\n'}
[3.275968] (mecanum_drive_controller) StdoutLine: {'line': b'3: Working Directory: /home/ravik/ros2_rolling/build/mecanum_drive_controller\n'}
[3.276116] (mecanum_drive_controller) StdoutLine: {'line': b'3: Test timeout computed to be: 60\n'}
[3.308812] (-) TimerEvent: {}
[3.328887] (mecanum_drive_controller) StdoutLine: {'line': b"3: -- run_test.py: invoking following command in '/home/ravik/ros2_rolling/build/mecanum_drive_controller':\n"}
[3.329080] (mecanum_drive_controller) StdoutLine: {'line': b'3:  - /home/ravik/ros2_rolling/build/mecanum_drive_controller/test_mecanum_drive_controller_preceeding --ros-args --params-file /home/ravik/ros2_rolling/ros2_controllers/mecanum_drive_controller/test/mecanum_drive_controller_preceeding_params.yaml -- --gtest_output=xml:/home/ravik/ros2_rolling/build/mecanum_drive_controller/test_results/mecanum_drive_controller/test_mecanum_drive_controller_preceeding.gtest.xml\n'}
[3.351100] (mecanum_drive_controller) StdoutLine: {'line': b'3: [==========] Running 2 tests from 1 test suite.\n'}
[3.351318] (mecanum_drive_controller) StdoutLine: {'line': b'3: [----------] Global test environment set-up.\n'}
[3.351429] (mecanum_drive_controller) StdoutLine: {'line': b'3: [----------] 2 tests from MecanumDriveControllerTest\n'}
[3.351540] (mecanum_drive_controller) StdoutLine: {'line': b'3: [ RUN      ] MecanumDriveControllerTest.when_controller_is_configured_expect_all_parameters_set\n'}
[3.373327] (mecanum_drive_controller) StdoutLine: {'line': b'3: \x1b[0m[INFO] [1731070688.479782319] [test_mecanum_drive_controller]: configure successful\x1b[0m\n'}
[3.380295] (mecanum_drive_controller) StdoutLine: {'line': b'3: [       OK ] MecanumDriveControllerTest.when_controller_is_configured_expect_all_parameters_set (29 ms)\n'}
[3.380483] (mecanum_drive_controller) StdoutLine: {'line': b'3: [ RUN      ] MecanumDriveControllerTest.when_controller_configured_expect_properly_exported_interfaces\n'}
[3.396945] (mecanum_drive_controller) StdoutLine: {'line': b'3: \x1b[0m[INFO] [1731070688.503521938] [test_mecanum_drive_controller]: configure successful\x1b[0m\n'}
[3.404923] (mecanum_drive_controller) StdoutLine: {'line': b'3: [       OK ] MecanumDriveControllerTest.when_controller_configured_expect_properly_exported_interfaces (24 ms)\n'}
[3.405050] (mecanum_drive_controller) StdoutLine: {'line': b'3: [----------] 2 tests from MecanumDriveControllerTest (53 ms total)\n'}
[3.405157] (mecanum_drive_controller) StdoutLine: {'line': b'3: \n'}
[3.405244] (mecanum_drive_controller) StdoutLine: {'line': b'3: [----------] Global test environment tear-down\n'}
[3.405328] (mecanum_drive_controller) StdoutLine: {'line': b'3: [==========] 2 tests from 1 test suite ran. (53 ms total)\n'}
[3.405410] (mecanum_drive_controller) StdoutLine: {'line': b'3: [  PASSED  ] 2 tests.\n'}
[3.408948] (-) TimerEvent: {}
[3.509368] (-) TimerEvent: {}
[3.513843] (mecanum_drive_controller) StdoutLine: {'line': b'3: -- run_test.py: return code 0\n'}
[3.514273] (mecanum_drive_controller) StdoutLine: {'line': b"3: -- run_test.py: inject classname prefix into gtest result file '/home/ravik/ros2_rolling/build/mecanum_drive_controller/test_results/mecanum_drive_controller/test_mecanum_drive_controller_preceeding.gtest.xml'\n"}
[3.514465] (mecanum_drive_controller) StdoutLine: {'line': b"3: -- run_test.py: verify result file '/home/ravik/ros2_rolling/build/mecanum_drive_controller/test_results/mecanum_drive_controller/test_mecanum_drive_controller_preceeding.gtest.xml'\n"}
[3.524111] (mecanum_drive_controller) StdoutLine: {'line': b'3/3 Test #3: test_mecanum_drive_controller_preceeding ...   Passed    0.25 sec\n'}
[3.524423] (mecanum_drive_controller) StdoutLine: {'line': b'\n'}
[3.524552] (mecanum_drive_controller) StdoutLine: {'line': b'33% tests passed\x1b[0;0m, \x1b[0;31m2 tests failed\x1b[0;0m out of 3\n'}
[3.524643] (mecanum_drive_controller) StdoutLine: {'line': b'\n'}
[3.524727] (mecanum_drive_controller) StdoutLine: {'line': b'Total Test time (real) =   3.46 sec\n'}
[3.524810] (mecanum_drive_controller) StdoutLine: {'line': b'\n'}
[3.524890] (mecanum_drive_controller) StdoutLine: {'line': b'The following tests FAILED:\n'}
[3.524970] (mecanum_drive_controller) StdoutLine: {'line': b'\t\x1b[0;31m  1 - test_load_mecanum_drive_controller (Failed)\x1b[0;0m\n'}
[3.525048] (mecanum_drive_controller) StdoutLine: {'line': b'\t\x1b[0;31m  2 - test_mecanum_drive_controller (Failed)\x1b[0;0m\n'}
[3.532107] (mecanum_drive_controller) StderrLine: {'line': b'Errors while running CTest\n'}
[3.532428] (mecanum_drive_controller) StderrLine: {'line': b'Output from these tests are in: /home/ravik/ros2_rolling/build/mecanum_drive_controller/Testing/Temporary/LastTest.log\n'}
[3.532522] (mecanum_drive_controller) StderrLine: {'line': b'Use "--rerun-failed --output-on-failure" to re-run the failed cases verbosely.\n'}
[3.533679] (mecanum_drive_controller) CommandEnded: {'returncode': 8}
[3.534718] (mecanum_drive_controller) TestFailure: {'identifier': 'mecanum_drive_controller'}
[3.534761] (mecanum_drive_controller) JobEnded: {'identifier': 'mecanum_drive_controller', 'rc': 0}
[3.535404] (-) EventReactorShutdown: {}
